Log file open, 05/17/22 12:02:25
LogWindows: Failed to load 'aqProf.dll' (GetLastError=126)
LogWindows: File 'aqProf.dll' does not exist
LogWindows: Failed to load 'VtuneApi.dll' (GetLastError=126)
LogWindows: File 'VtuneApi.dll' does not exist
LogWindows: Failed to load 'VtuneApi32e.dll' (GetLastError=126)
LogWindows: File 'VtuneApi32e.dll' does not exist
LogConsoleResponse: Display: Failed to find resolution value strings in scalability ini. Falling back to default.
LogConsoleResponse: Display: Failed to find resolution value strings in scalability ini. Falling back to default.
LogInit: Display: Running engine for game: CombatProject
LogPlatformFile: Not using cached read wrapper
LogTaskGraph: Started task graph with 5 named threads and 23 total threads with 3 sets of task threads.
LogStats: Stats thread started at 0.219670
LogICUInternationalization: ICU TimeZone Detection - Raw Offset: -3:00, Platform Override: ''
LogInit: Display: Loading text-based GConfig....
LogPluginManager: Mounting plugin MeshPainting
LogPluginManager: Mounting plugin XGEController
LogPluginManager: Mounting plugin Paper2D
LogPluginManager: Mounting plugin LiveLink
LogPluginManager: Mounting plugin LightPropagationVolume
LogPluginManager: Mounting plugin CameraShakePreviewer
LogPluginManager: Mounting plugin GameplayCameras
LogPluginManager: Mounting plugin AISupport
LogPluginManager: Mounting plugin EnvironmentQueryEditor
LogPluginManager: Mounting plugin OodleNetwork
LogPluginManager: Mounting plugin OodleData
LogPluginManager: Mounting plugin AssetManagerEditor
LogPluginManager: Mounting plugin CryptoKeys
LogPluginManager: Mounting plugin CurveEditorTools
LogPluginManager: Mounting plugin DataValidation
LogPluginManager: Mounting plugin FacialAnimation
LogPluginManager: Mounting plugin GameplayTagsEditor
LogPluginManager: Mounting plugin GeometryMode
LogPluginManager: Mounting plugin MacGraphicsSwitching
LogPluginManager: Mounting plugin MaterialAnalyzer
LogPluginManager: Mounting plugin AnimationSharing
LogPluginManager: Mounting plugin CLionSourceCodeAccess
LogPluginManager: Mounting plugin MobileLauncherProfileWizard
LogPluginManager: Mounting plugin PluginBrowser
LogPluginManager: Mounting plugin CodeLiteSourceCodeAccess
LogPluginManager: Mounting plugin SpeedTreeImporter
LogPluginManager: Mounting plugin GitSourceControl
LogPluginManager: Mounting plugin NullSourceCodeAccess
LogPluginManager: Mounting plugin KDevelopSourceCodeAccess
LogPluginManager: Mounting plugin PerforceSourceControl
LogPluginManager: Mounting plugin PixWinPlugin
LogPluginManager: Mounting plugin PlasticSourceControl
LogPluginManager: Mounting plugin PluginUtils
LogPluginManager: Mounting plugin PropertyAccessNode
LogPluginManager: Mounting plugin SubversionSourceControl
LogPluginManager: Mounting plugin RiderSourceCodeAccess
LogPluginManager: Mounting plugin TextureFormatOodle
LogPluginManager: Mounting plugin UObjectPlugin
LogPluginManager: Mounting plugin VisualStudioCodeSourceCodeAccess
LogPluginManager: Mounting plugin XCodeSourceCodeAccess
LogPluginManager: Mounting plugin VisualStudioSourceCodeAccess
LogPluginManager: Mounting plugin Niagara
LogPluginManager: Mounting plugin DatasmithContent
LogPluginManager: Mounting plugin VariantManagerContent
LogPluginManager: Mounting plugin AlembicImporter
LogPluginManager: Mounting plugin AutomationUtils
LogPluginManager: Mounting plugin BackChannel
LogPluginManager: Mounting plugin ChaosCloth
LogPluginManager: Mounting plugin ChaosClothEditor
LogPluginManager: Mounting plugin ChaosEditor
LogPluginManager: Mounting plugin ChaosNiagara
LogPluginManager: Mounting plugin ChaosSolverPlugin
LogPluginManager: Mounting plugin CharacterAI
LogPluginManager: Mounting plugin GeometryCache
LogPluginManager: Mounting plugin GeometryCollectionPlugin
LogPluginManager: Mounting plugin MagicLeap
LogPluginManager: Mounting plugin LuminPlatformFeatures
LogPluginManager: Mounting plugin MagicLeapLightEstimation
LogPluginManager: Mounting plugin MagicLeapMedia
LogPluginManager: Mounting plugin MagicLeapPassableWorld
LogPluginManager: Mounting plugin MLSDK
LogPluginManager: Mounting plugin GeometryProcessing
LogPluginManager: Mounting plugin MotoSynth
LogPluginManager: Mounting plugin OpenImageDenoise
LogPluginManager: Mounting plugin PlanarCut
LogPluginManager: Mounting plugin PlatformCrypto
LogPluginManager: Mounting plugin ProxyLODPlugin
LogPluginManager: Mounting plugin PythonScriptPlugin
LogPluginManager: Mounting plugin SkeletalReduction
LogPluginManager: Mounting plugin AndroidMedia
LogPluginManager: Mounting plugin AvfMedia
LogPluginManager: Mounting plugin ImgMedia
LogPluginManager: Mounting plugin MediaCompositing
LogPluginManager: Mounting plugin MediaPlayerEditor
LogPluginManager: Mounting plugin WebMMedia
LogPluginManager: Mounting plugin WmfMedia
LogPluginManager: Mounting plugin ActorSequence
LogPluginManager: Mounting plugin TcpMessaging
LogPluginManager: Mounting plugin UdpMessaging
LogPluginManager: Mounting plugin LevelSequenceEditor
LogPluginManager: Mounting plugin MatineeToLevelSequence
LogPluginManager: Mounting plugin TemplateSequence
LogPluginManager: Mounting plugin OnlineSubsystem
LogPluginManager: Mounting plugin OnlineSubsystemNull
LogPluginManager: Mounting plugin LauncherChunkInstaller
LogPluginManager: Mounting plugin ActorLayerUtilities
LogPluginManager: Mounting plugin AndroidDeviceProfileSelector
LogPluginManager: Mounting plugin OnlineSubsystemUtils
LogPluginManager: Mounting plugin AndroidMoviePlayer
LogPluginManager: Mounting plugin AndroidPermission
LogPluginManager: Mounting plugin AppleMoviePlayer
LogPluginManager: Mounting plugin ArchVisCharacter
LogPluginManager: Mounting plugin AppleImageUtils
LogPluginManager: Mounting plugin AssetTags
LogPluginManager: Mounting plugin AudioCapture
LogPluginManager: Mounting plugin CableComponent
LogPluginManager: Mounting plugin AudioSynesthesia
LogPluginManager: Mounting plugin ChunkDownloader
LogPluginManager: Mounting plugin CustomMeshComponent
LogPluginManager: Mounting plugin EditableMesh
LogPluginManager: Mounting plugin ExampleDeviceProfileSelector
LogPluginManager: Mounting plugin GoogleCloudMessaging
LogPluginManager: Mounting plugin GooglePAD
LogPluginManager: Mounting plugin ScreenshotTools
LogPluginManager: Mounting plugin IOSDeviceProfileSelector
LogPluginManager: Mounting plugin LinuxDeviceProfileSelector
LogPluginManager: Mounting plugin LocationServicesBPLibrary
LogPluginManager: Mounting plugin MobilePatchingUtils
LogPluginManager: Mounting plugin OpenXR
LogPluginManager: Mounting plugin OpenXREyeTracker
LogPluginManager: Mounting plugin OpenXRHandTracking
LogPluginManager: Mounting plugin PhysXVehicles
LogPluginManager: Mounting plugin PostSplashScreen
LogPluginManager: Mounting plugin PropertyAccessEditor
LogPluginManager: Mounting plugin ProceduralMeshComponent
LogPluginManager: Mounting plugin RuntimePhysXCooking
LogPluginManager: Mounting plugin SignificanceManager
LogPluginManager: Mounting plugin SoundFields
LogPluginManager: Mounting plugin Synthesis
LogPluginManager: Mounting plugin WebMMoviePlayer
LogPluginManager: Mounting plugin WindowsMoviePlayer
LogPluginManager: Mounting plugin Takes
LogPluginManager: Mounting plugin ContentBrowserAssetDataSource
LogPluginManager: Mounting plugin ContentBrowserClassDataSource
LogPluginManager: Mounting plugin ContentBrowserFileDataSource
LogPluginManager: Mounting plugin OnlineSubsystemGooglePlay
LogPluginManager: Mounting plugin OnlineSubsystemIOS
LogPluginManager: Mounting plugin OculusVR
LogPluginManager: Mounting plugin SteamVR
PixWinPlugin: PIX capture plugin failed to initialize! Check that the process is launched from PIX.
LogInit: Using libcurl 7.55.1-DEV
LogInit:  - built for x86_64-pc-win32
LogInit:  - supports SSL with OpenSSL/1.1.1
LogInit:  - supports HTTP deflate (compression) using libz 1.2.8
LogInit:  - other features:
LogInit:      CURL_VERSION_SSL
LogInit:      CURL_VERSION_LIBZ
LogInit:      CURL_VERSION_IPV6
LogInit:      CURL_VERSION_ASYNCHDNS
LogInit:      CURL_VERSION_LARGEFILE
LogInit:      CURL_VERSION_IDN
LogInit:  CurlRequestOptions (configurable via config and command line):
LogInit:  - bVerifyPeer = true  - Libcurl will verify peer certificate
LogInit:  - bUseHttpProxy = false  - Libcurl will NOT use HTTP proxy
LogInit:  - bDontReuseConnections = false  - Libcurl will reuse connections
LogInit:  - MaxHostConnections = 16  - Libcurl will limit the number of connections to a host
LogInit:  - LocalHostAddr = Default
LogInit:  - BufferSize = 65536
LogOnline: OSS: Creating online subsystem instance for: NULL
LogInit: WinSock: version 1.1 (2.2), MaxSocks=32767, MaxUdp=65467
LogOnline: OSS: TryLoadSubsystemAndSetDefault: Loaded subsystem for module [NULL]
LogOculusPluginWrapper: OculusPlugin initialized successfully
LogHMD: Failed initializing OVRPlugin 1.59.0
LogInit: Build: ++UE4+Release-4.27-CL-18319896
LogInit: Engine Version: 4.27.2-18319896+++UE4+Release-4.27
LogInit: Compatible Engine Version: 4.27.0-17155196+++UE4+Release-4.27
LogInit: Net CL: 17155196
LogInit: OS: Windows 10 (Release 2009) (), CPU: Intel(R) Core(TM) i7-8565U CPU @ 1.80GHz, GPU: Intel(R) UHD Graphics 620
LogInit: Compiled (64-bit): Nov 30 2021 07:12:08
LogInit: Compiled with Visual C++: 19.24.28315.00
LogInit: Build Configuration: Development
LogInit: Branch Name: ++UE4+Release-4.27
LogInit: Command Line: 
LogInit: Base Directory: D:/Arquivos de programa/UE_4.27/Engine/Binaries/Win64/
LogInit: Allocator: TBB
LogInit: Installed Engine Build: 1
LogDevObjectVersion: Number of dev versions registered: 29
LogDevObjectVersion:   Dev-Blueprints (B0D832E4-1F89-4F0D-ACCF-7EB736FD4AA2): 10
LogDevObjectVersion:   Dev-Build (E1C64328-A22C-4D53-A36C-8E866417BD8C): 0
LogDevObjectVersion:   Dev-Core (375EC13C-06E4-48FB-B500-84F0262A717E): 4
LogDevObjectVersion:   Dev-Editor (E4B068ED-F494-42E9-A231-DA0B2E46BB41): 40
LogDevObjectVersion:   Dev-Framework (CFFC743F-43B0-4480-9391-14DF171D2073): 37
LogDevObjectVersion:   Dev-Mobile (B02B49B5-BB20-44E9-A304-32B752E40360): 3
LogDevObjectVersion:   Dev-Networking (A4E4105C-59A1-49B5-A7C5-40C4547EDFEE): 0
LogDevObjectVersion:   Dev-Online (39C831C9-5AE6-47DC-9A44-9C173E1C8E7C): 0
LogDevObjectVersion:   Dev-Physics (78F01B33-EBEA-4F98-B9B4-84EACCB95AA2): 14
LogDevObjectVersion:   Dev-Platform (6631380F-2D4D-43E0-8009-CF276956A95A): 0
LogDevObjectVersion:   Dev-Rendering (12F88B9F-8875-4AFC-A67C-D90C383ABD29): 45
LogDevObjectVersion:   Dev-Sequencer (7B5AE74C-D270-4C10-A958-57980B212A5A): 13
LogDevObjectVersion:   Dev-VR (D7296918-1DD6-4BDD-9DE2-64A83CC13884): 3
LogDevObjectVersion:   Dev-LoadTimes (C2A15278-BFE7-4AFE-6C17-90FF531DF755): 1
LogDevObjectVersion:   Private-Geometry (6EACA3D4-40EC-4CC1-B786-8BED09428FC5): 3
LogDevObjectVersion:   Dev-AnimPhys (29E575DD-E0A3-4627-9D10-D276232CDCEA): 17
LogDevObjectVersion:   Dev-Anim (AF43A65D-7FD3-4947-9873-3E8ED9C1BB05): 15
LogDevObjectVersion:   Dev-ReflectionCapture (6B266CEC-1EC7-4B8F-A30B-E4D90942FC07): 1
LogDevObjectVersion:   Dev-Automation (0DF73D61-A23F-47EA-B727-89E90C41499A): 1
LogDevObjectVersion:   FortniteMain (601D1886-AC64-4F84-AA16-D3DE0DEAC7D6): 47
LogDevObjectVersion:   FortniteRelease (E7086368-6B23-4C58-8439-1B7016265E91): 1
LogDevObjectVersion:   Dev-Enterprise (9DFFBCD6-494F-0158-E221-12823C92A888): 10
LogDevObjectVersion:   Dev-Niagara (F2AED0AC-9AFE-416F-8664-AA7FFA26D6FC): 1
LogDevObjectVersion:   Dev-Destruction (174F1F0B-B4C6-45A5-B13F-2EE8D0FB917D): 10
LogDevObjectVersion:   Dev-Physics-Ext (35F94A83-E258-406C-A318-09F59610247C): 41
LogDevObjectVersion:   Dev-PhysicsMaterial-Chaos (B68FC16E-8B1B-42E2-B453-215C058844FE): 1
LogDevObjectVersion:   Dev-CineCamera (B2E18506-4273-CFC2-A54E-F4BB758BBA07): 1
LogDevObjectVersion:   Dev-VirtualProduction (64F58936-FD1B-42BA-BA96-7289D5D0FA4E): 1
LogDevObjectVersion:   Dev-MediaFramework (6F0ED827-A609-4895-9C91-998D90180EA4): 2
LogInit: Presizing for max 25165824 objects, including 0 objects not considered by GC, pre-allocating 0 bytes for permanent pool.
LogConfig: Applying CVar settings from Section [/Script/Engine.StreamingSettings] File [D:/Repository/Unreal/GameEngine-N2/CombatProject/Saved/Config/Windows/Engine.ini]
LogConfig: Setting CVar [[s.MinBulkDataSizeForAsyncLoading:131072]]
LogConfig: Setting CVar [[s.AsyncLoadingThreadEnabled:0]]
LogConfig: Setting CVar [[s.EventDrivenLoaderEnabled:1]]
LogConfig: Setting CVar [[s.WarnIfTimeLimitExceeded:0]]
LogConfig: Setting CVar [[s.TimeLimitExceededMultiplier:1.5]]
LogConfig: Setting CVar [[s.TimeLimitExceededMinTime:0.005]]
LogConfig: Setting CVar [[s.UseBackgroundLevelStreaming:1]]
LogConfig: Setting CVar [[s.PriorityAsyncLoadingExtraTime:15.0]]
LogConfig: Setting CVar [[s.LevelStreamingActorsUpdateTimeLimit:5.0]]
LogConfig: Setting CVar [[s.PriorityLevelStreamingActorsUpdateExtraTime:5.0]]
LogConfig: Setting CVar [[s.LevelStreamingComponentsRegistrationGranularity:10]]
LogConfig: Setting CVar [[s.UnregisterComponentsTimeLimit:1.0]]
LogConfig: Setting CVar [[s.LevelStreamingComponentsUnregistrationGranularity:5]]
LogConfig: Setting CVar [[s.FlushStreamingOnExit:1]]
LogInit: Object subsystem initialized
LogConfig: Setting CVar [[con.DebugEarlyDefault:1]]
LogConfig: Setting CVar [[r.setres:1280x720]]
[2022.05.17-15.02.26:447][  0]LogConfig: Setting CVar [[r.VSync:0]]
[2022.05.17-15.02.26:447][  0]LogConfig: Setting CVar [[r.RHICmdBypass:0]]
[2022.05.17-15.02.26:447][  0]LogConfig: Applying CVar settings from Section [/Script/Engine.RendererSettings] File [D:/Repository/Unreal/GameEngine-N2/CombatProject/Saved/Config/Windows/Engine.ini]
[2022.05.17-15.02.26:447][  0]LogConfig: Setting CVar [[r.GPUCrashDebugging:0]]
[2022.05.17-15.02.26:447][  0]LogConfig: Applying CVar settings from Section [/Script/Engine.RendererOverrideSettings] File [D:/Repository/Unreal/GameEngine-N2/CombatProject/Saved/Config/Windows/Engine.ini]
[2022.05.17-15.02.26:447][  0]LogConfig: Applying CVar settings from Section [/Script/Engine.StreamingSettings] File [D:/Repository/Unreal/GameEngine-N2/CombatProject/Saved/Config/Windows/Engine.ini]
[2022.05.17-15.02.26:447][  0]LogConfig: Setting CVar [[s.MinBulkDataSizeForAsyncLoading:131072]]
[2022.05.17-15.02.26:447][  0]LogConfig: Setting CVar [[s.AsyncLoadingThreadEnabled:0]]
[2022.05.17-15.02.26:447][  0]LogConfig: Setting CVar [[s.EventDrivenLoaderEnabled:1]]
[2022.05.17-15.02.26:447][  0]LogConfig: Setting CVar [[s.WarnIfTimeLimitExceeded:0]]
[2022.05.17-15.02.26:447][  0]LogConfig: Setting CVar [[s.TimeLimitExceededMultiplier:1.5]]
[2022.05.17-15.02.26:447][  0]LogConfig: Setting CVar [[s.TimeLimitExceededMinTime:0.005]]
[2022.05.17-15.02.26:447][  0]LogConfig: Setting CVar [[s.UseBackgroundLevelStreaming:1]]
[2022.05.17-15.02.26:447][  0]LogConfig: Setting CVar [[s.PriorityAsyncLoadingExtraTime:15.0]]
[2022.05.17-15.02.26:447][  0]LogConfig: Setting CVar [[s.LevelStreamingActorsUpdateTimeLimit:5.0]]
[2022.05.17-15.02.26:447][  0]LogConfig: Setting CVar [[s.PriorityLevelStreamingActorsUpdateExtraTime:5.0]]
[2022.05.17-15.02.26:447][  0]LogConfig: Setting CVar [[s.LevelStreamingComponentsRegistrationGranularity:10]]
[2022.05.17-15.02.26:447][  0]LogConfig: Setting CVar [[s.UnregisterComponentsTimeLimit:1.0]]
[2022.05.17-15.02.26:447][  0]LogConfig: Setting CVar [[s.LevelStreamingComponentsUnregistrationGranularity:5]]
[2022.05.17-15.02.26:447][  0]LogConfig: Setting CVar [[s.FlushStreamingOnExit:1]]
[2022.05.17-15.02.26:447][  0]LogConfig: Applying CVar settings from Section [/Script/Engine.GarbageCollectionSettings] File [D:/Repository/Unreal/GameEngine-N2/CombatProject/Saved/Config/Windows/Engine.ini]
[2022.05.17-15.02.26:447][  0]LogConfig: Setting CVar [[gc.MaxObjectsNotConsideredByGC:1]]
[2022.05.17-15.02.26:447][  0]LogConfig: Setting CVar [[gc.SizeOfPermanentObjectPool:0]]
[2022.05.17-15.02.26:447][  0]LogConfig: Setting CVar [[gc.FlushStreamingOnGC:0]]
[2022.05.17-15.02.26:447][  0]LogConfig: Setting CVar [[gc.NumRetriesBeforeForcingGC:10]]
[2022.05.17-15.02.26:447][  0]LogConfig: Setting CVar [[gc.AllowParallelGC:1]]
[2022.05.17-15.02.26:447][  0]LogConfig: Setting CVar [[gc.TimeBetweenPurgingPendingKillObjects:61.1]]
[2022.05.17-15.02.26:447][  0]LogConfig: Setting CVar [[gc.MaxObjectsInEditor:25165824]]
[2022.05.17-15.02.26:447][  0]LogConfig: Setting CVar [[gc.IncrementalBeginDestroyEnabled:1]]
[2022.05.17-15.02.26:447][  0]LogConfig: Setting CVar [[gc.CreateGCClusters:1]]
[2022.05.17-15.02.26:447][  0]LogConfig: Setting CVar [[gc.MinGCClusterSize:5]]
[2022.05.17-15.02.26:447][  0]LogConfig: Setting CVar [[gc.ActorClusteringEnabled:0]]
[2022.05.17-15.02.26:447][  0]LogConfig: Setting CVar [[gc.BlueprintClusteringEnabled:0]]
[2022.05.17-15.02.26:447][  0]LogConfig: Setting CVar [[gc.UseDisregardForGCOnDedicatedServers:0]]
[2022.05.17-15.02.26:448][  0]LogConfig: Setting CVar [[gc.MultithreadedDestructionEnabled:1]]
[2022.05.17-15.02.26:448][  0]LogConfig: Applying CVar settings from Section [/Script/Engine.NetworkSettings] File [D:/Repository/Unreal/GameEngine-N2/CombatProject/Saved/Config/Windows/Engine.ini]
[2022.05.17-15.02.26:448][  0]LogConfig: Applying CVar settings from Section [/Script/UnrealEd.CookerSettings] File [D:/Repository/Unreal/GameEngine-N2/CombatProject/Saved/Config/Windows/Engine.ini]
[2022.05.17-15.02.26:509][  0]LogConfig: Applying CVar settings from Section [ViewDistanceQuality@3] File [D:/Repository/Unreal/GameEngine-N2/CombatProject/Saved/Config/Windows/Scalability.ini]
[2022.05.17-15.02.26:509][  0]LogConfig: Setting CVar [[r.SkeletalMeshLODBias:0]]
[2022.05.17-15.02.26:509][  0]LogConfig: Setting CVar [[r.ViewDistanceScale:1.0]]
[2022.05.17-15.02.26:509][  0]LogConfig: Applying CVar settings from Section [AntiAliasingQuality@3] File [D:/Repository/Unreal/GameEngine-N2/CombatProject/Saved/Config/Windows/Scalability.ini]
[2022.05.17-15.02.26:509][  0]LogConfig: Setting CVar [[r.PostProcessAAQuality:4]]
[2022.05.17-15.02.26:509][  0]LogConfig: Applying CVar settings from Section [ShadowQuality@3] File [D:/Repository/Unreal/GameEngine-N2/CombatProject/Saved/Config/Windows/Scalability.ini]
[2022.05.17-15.02.26:509][  0]LogConfig: Setting CVar [[r.LightFunctionQuality:1]]
[2022.05.17-15.02.26:509][  0]LogConfig: Setting CVar [[r.ShadowQuality:5]]
[2022.05.17-15.02.26:509][  0]LogConfig: Setting CVar [[r.Shadow.CSM.MaxCascades:10]]
[2022.05.17-15.02.26:509][  0]LogConfig: Setting CVar [[r.Shadow.MaxResolution:2048]]
[2022.05.17-15.02.26:509][  0]LogConfig: Setting CVar [[r.Shadow.MaxCSMResolution:2048]]
[2022.05.17-15.02.26:509][  0]LogConfig: Setting CVar [[r.Shadow.RadiusThreshold:0.01]]
[2022.05.17-15.02.26:509][  0]LogConfig: Setting CVar [[r.Shadow.DistanceScale:1.0]]
[2022.05.17-15.02.26:509][  0]LogConfig: Setting CVar [[r.Shadow.CSM.TransitionScale:1.0]]
[2022.05.17-15.02.26:509][  0]LogConfig: Setting CVar [[r.Shadow.PreShadowResolutionFactor:1.0]]
[2022.05.17-15.02.26:509][  0]LogConfig: Setting CVar [[r.DistanceFieldShadowing:1]]
[2022.05.17-15.02.26:509][  0]LogConfig: Setting CVar [[r.DistanceFieldAO:1]]
[2022.05.17-15.02.26:509][  0]LogConfig: Setting CVar [[r.AOQuality:2]]
[2022.05.17-15.02.26:509][  0]LogConfig: Setting CVar [[r.VolumetricFog:1]]
[2022.05.17-15.02.26:509][  0]LogConfig: Setting CVar [[r.VolumetricFog.GridPixelSize:8]]
[2022.05.17-15.02.26:509][  0]LogConfig: Setting CVar [[r.VolumetricFog.GridSizeZ:128]]
[2022.05.17-15.02.26:509][  0]LogConfig: Setting CVar [[r.VolumetricFog.HistoryMissSupersampleCount:4]]
[2022.05.17-15.02.26:509][  0]LogConfig: Setting CVar [[r.LightMaxDrawDistanceScale:1]]
[2022.05.17-15.02.26:509][  0]LogConfig: Setting CVar [[r.CapsuleShadows:1]]
[2022.05.17-15.02.26:509][  0]LogConfig: Applying CVar settings from Section [PostProcessQuality@3] File [D:/Repository/Unreal/GameEngine-N2/CombatProject/Saved/Config/Windows/Scalability.ini]
[2022.05.17-15.02.26:509][  0]LogConfig: Setting CVar [[r.MotionBlurQuality:4]]
[2022.05.17-15.02.26:509][  0]LogConfig: Setting CVar [[r.AmbientOcclusionMipLevelFactor:0.4]]
[2022.05.17-15.02.26:509][  0]LogConfig: Setting CVar [[r.AmbientOcclusionMaxQuality:100]]
[2022.05.17-15.02.26:509][  0]LogConfig: Setting CVar [[r.AmbientOcclusionLevels:-1]]
[2022.05.17-15.02.26:509][  0]LogConfig: Setting CVar [[r.AmbientOcclusionRadiusScale:1.0]]
[2022.05.17-15.02.26:509][  0]LogConfig: Setting CVar [[r.DepthOfFieldQuality:2]]
[2022.05.17-15.02.26:509][  0]LogConfig: Setting CVar [[r.RenderTargetPoolMin:400]]
[2022.05.17-15.02.26:509][  0]LogConfig: Setting CVar [[r.LensFlareQuality:2]]
[2022.05.17-15.02.26:509][  0]LogConfig: Setting CVar [[r.SceneColorFringeQuality:1]]
[2022.05.17-15.02.26:509][  0]LogConfig: Setting CVar [[r.EyeAdaptationQuality:2]]
[2022.05.17-15.02.26:509][  0]LogConfig: Setting CVar [[r.BloomQuality:5]]
[2022.05.17-15.02.26:509][  0]LogConfig: Setting CVar [[r.FastBlurThreshold:100]]
[2022.05.17-15.02.26:509][  0]LogConfig: Setting CVar [[r.Upscale.Quality:3]]
[2022.05.17-15.02.26:509][  0]LogConfig: Setting CVar [[r.Tonemapper.GrainQuantization:1]]
[2022.05.17-15.02.26:509][  0]LogConfig: Setting CVar [[r.LightShaftQuality:1]]
[2022.05.17-15.02.26:509][  0]LogConfig: Setting CVar [[r.Filter.SizeScale:1]]
[2022.05.17-15.02.26:509][  0]LogConfig: Setting CVar [[r.Tonemapper.Quality:5]]
[2022.05.17-15.02.26:509][  0]LogConfig: Setting CVar [[r.DOF.Gather.AccumulatorQuality:1        ; higher gathering accumulator quality]]
[2022.05.17-15.02.26:509][  0]LogConfig: Setting CVar [[r.DOF.Gather.PostfilterMethod:1          ; Median3x3 postfilering method]]
[2022.05.17-15.02.26:509][  0]LogConfig: Setting CVar [[r.DOF.Gather.EnableBokehSettings:0       ; no bokeh simulation when gathering]]
[2022.05.17-15.02.26:509][  0]LogConfig: Setting CVar [[r.DOF.Gather.RingCount:4                 ; medium number of samples when gathering]]
[2022.05.17-15.02.26:509][  0]LogConfig: Setting CVar [[r.DOF.Scatter.ForegroundCompositing:1    ; additive foreground scattering]]
[2022.05.17-15.02.26:509][  0]LogConfig: Setting CVar [[r.DOF.Scatter.BackgroundCompositing:2    ; additive background scattering]]
[2022.05.17-15.02.26:509][  0]LogConfig: Setting CVar [[r.DOF.Scatter.EnableBokehSettings:1      ; bokeh simulation when scattering]]
[2022.05.17-15.02.26:509][  0]LogConfig: Setting CVar [[r.DOF.Scatter.MaxSpriteRatio:0.1         ; only a maximum of 10% of scattered bokeh]]
[2022.05.17-15.02.26:509][  0]LogConfig: Setting CVar [[r.DOF.Recombine.Quality:1                ; cheap slight out of focus]]
[2022.05.17-15.02.26:509][  0]LogConfig: Setting CVar [[r.DOF.Recombine.EnableBokehSettings:0    ; no bokeh simulation on slight out of focus]]
[2022.05.17-15.02.26:509][  0]LogConfig: Setting CVar [[r.DOF.TemporalAAQuality:1                ; more stable temporal accumulation]]
[2022.05.17-15.02.26:509][  0]LogConfig: Setting CVar [[r.DOF.Kernel.MaxForegroundRadius:0.025]]
[2022.05.17-15.02.26:509][  0]LogConfig: Setting CVar [[r.DOF.Kernel.MaxBackgroundRadius:0.025]]
[2022.05.17-15.02.26:509][  0]LogConfig: Applying CVar settings from Section [TextureQuality@3] File [D:/Repository/Unreal/GameEngine-N2/CombatProject/Saved/Config/Windows/Scalability.ini]
[2022.05.17-15.02.26:509][  0]LogConfig: Setting CVar [[r.Streaming.MipBias:0]]
[2022.05.17-15.02.26:509][  0]LogConfig: Setting CVar [[r.Streaming.AmortizeCPUToGPUCopy:0]]
[2022.05.17-15.02.26:509][  0]LogConfig: Setting CVar [[r.Streaming.MaxNumTexturesToStreamPerFrame:0]]
[2022.05.17-15.02.26:509][  0]LogConfig: Setting CVar [[r.Streaming.Boost:1]]
[2022.05.17-15.02.26:509][  0]LogConfig: Setting CVar [[r.MaxAnisotropy:8]]
[2022.05.17-15.02.26:509][  0]LogConfig: Setting CVar [[r.VT.MaxAnisotropy:8]]
[2022.05.17-15.02.26:509][  0]LogConfig: Setting CVar [[r.Streaming.LimitPoolSizeToVRAM:0]]
[2022.05.17-15.02.26:509][  0]LogConfig: Setting CVar [[r.Streaming.PoolSize:1000]]
[2022.05.17-15.02.26:509][  0]LogConfig: Setting CVar [[r.Streaming.MaxEffectiveScreenSize:0]]
[2022.05.17-15.02.26:510][  0]LogConfig: Applying CVar settings from Section [EffectsQuality@3] File [D:/Repository/Unreal/GameEngine-N2/CombatProject/Saved/Config/Windows/Scalability.ini]
[2022.05.17-15.02.26:510][  0]LogConfig: Setting CVar [[r.TranslucencyLightingVolumeDim:64]]
[2022.05.17-15.02.26:510][  0]LogConfig: Setting CVar [[r.RefractionQuality:2]]
[2022.05.17-15.02.26:510][  0]LogConfig: Setting CVar [[r.SSR.Quality:3]]
[2022.05.17-15.02.26:510][  0]LogConfig: Setting CVar [[r.SSR.HalfResSceneColor:0]]
[2022.05.17-15.02.26:510][  0]LogConfig: Setting CVar [[r.SceneColorFormat:4]]
[2022.05.17-15.02.26:510][  0]LogConfig: Setting CVar [[r.DetailMode:2]]
[2022.05.17-15.02.26:510][  0]LogConfig: Setting CVar [[r.TranslucencyVolumeBlur:1]]
[2022.05.17-15.02.26:510][  0]LogConfig: Setting CVar [[r.MaterialQualityLevel:1 ; High quality]]
[2022.05.17-15.02.26:510][  0]LogConfig: Setting CVar [[r.AnisotropicMaterials:1]]
[2022.05.17-15.02.26:510][  0]LogConfig: Setting CVar [[r.SSS.Scale:1]]
[2022.05.17-15.02.26:510][  0]LogConfig: Setting CVar [[r.SSS.SampleSet:2]]
[2022.05.17-15.02.26:510][  0]LogConfig: Setting CVar [[r.SSS.Quality:1]]
[2022.05.17-15.02.26:510][  0]LogConfig: Setting CVar [[r.SSS.HalfRes:0]]
[2022.05.17-15.02.26:510][  0]LogConfig: Setting CVar [[r.SSGI.Quality:3]]
[2022.05.17-15.02.26:510][  0]LogConfig: Setting CVar [[r.EmitterSpawnRateScale:1.0]]
[2022.05.17-15.02.26:510][  0]LogConfig: Setting CVar [[r.ParticleLightQuality:2]]
[2022.05.17-15.02.26:510][  0]LogConfig: Setting CVar [[r.SkyAtmosphere.AerialPerspectiveLUT.FastApplyOnOpaque:1 ; Always have FastSkyLUT 1 in this case to avoid wrong sky]]
[2022.05.17-15.02.26:510][  0]LogConfig: Setting CVar [[r.SkyAtmosphere.AerialPerspectiveLUT.SampleCountMaxPerSlice:4]]
[2022.05.17-15.02.26:510][  0]LogConfig: Setting CVar [[r.SkyAtmosphere.AerialPerspectiveLUT.DepthResolution:16.0]]
[2022.05.17-15.02.26:510][  0]LogConfig: Setting CVar [[r.SkyAtmosphere.FastSkyLUT:1]]
[2022.05.17-15.02.26:510][  0]LogConfig: Setting CVar [[r.SkyAtmosphere.FastSkyLUT.SampleCountMin:4.0]]
[2022.05.17-15.02.26:510][  0]LogConfig: Setting CVar [[r.SkyAtmosphere.FastSkyLUT.SampleCountMax:128.0]]
[2022.05.17-15.02.26:510][  0]LogConfig: Setting CVar [[r.SkyAtmosphere.SampleCountMin:4.0]]
[2022.05.17-15.02.26:510][  0]LogConfig: Setting CVar [[r.SkyAtmosphere.SampleCountMax:128.0]]
[2022.05.17-15.02.26:510][  0]LogConfig: Setting CVar [[r.SkyAtmosphere.TransmittanceLUT.UseSmallFormat:0]]
[2022.05.17-15.02.26:510][  0]LogConfig: Setting CVar [[r.SkyAtmosphere.TransmittanceLUT.SampleCount:10.0]]
[2022.05.17-15.02.26:510][  0]LogConfig: Setting CVar [[r.SkyAtmosphere.MultiScatteringLUT.SampleCount:15.0]]
[2022.05.17-15.02.26:510][  0]LogConfig: Setting CVar [[r.SkyLight.RealTimeReflectionCapture:1]]
[2022.05.17-15.02.26:510][  0]LogConfig: Applying CVar settings from Section [FoliageQuality@3] File [D:/Repository/Unreal/GameEngine-N2/CombatProject/Saved/Config/Windows/Scalability.ini]
[2022.05.17-15.02.26:510][  0]LogConfig: Setting CVar [[foliage.DensityScale:1.0]]
[2022.05.17-15.02.26:510][  0]LogConfig: Setting CVar [[grass.DensityScale:1.0]]
[2022.05.17-15.02.26:510][  0]LogConfig: Applying CVar settings from Section [ShadingQuality@3] File [D:/Repository/Unreal/GameEngine-N2/CombatProject/Saved/Config/Windows/Scalability.ini]
[2022.05.17-15.02.26:510][  0]LogConfig: Setting CVar [[r.HairStrands.SkyLighting.IntegrationType:2]]
[2022.05.17-15.02.26:510][  0]LogConfig: Setting CVar [[r.HairStrands.SkyAO.SampleCount:4]]
[2022.05.17-15.02.26:510][  0]LogConfig: Setting CVar [[r.HairStrands.Visibility.MSAA.SamplePerPixel:4]]
[2022.05.17-15.02.26:510][  0]LogInit: Selected Device Profile: [Windows]
[2022.05.17-15.02.26:510][  0]LogInit: Applying CVar settings loaded from the selected device profile: [Windows]
[2022.05.17-15.02.26:510][  0]LogHAL: Display: Platform has ~ 8 GB [8456044544 / 8589934592 / 8], which maps to Default [LargestMinGB=32, LargerMinGB=12, DefaultMinGB=8, SmallerMinGB=6, SmallestMinGB=0)
[2022.05.17-15.02.26:510][  0]LogInit: Going up to parent DeviceProfile []
[2022.05.17-15.02.26:510][  0]LogConfig: Applying CVar settings from Section [ViewDistanceQuality@3] File [D:/Repository/Unreal/GameEngine-N2/CombatProject/Saved/Config/Windows/Scalability.ini]
[2022.05.17-15.02.26:510][  0]LogConfig: Setting CVar [[r.SkeletalMeshLODBias:0]]
[2022.05.17-15.02.26:510][  0]LogConfig: Setting CVar [[r.ViewDistanceScale:1.0]]
[2022.05.17-15.02.26:510][  0]LogConfig: Applying CVar settings from Section [AntiAliasingQuality@3] File [D:/Repository/Unreal/GameEngine-N2/CombatProject/Saved/Config/Windows/Scalability.ini]
[2022.05.17-15.02.26:510][  0]LogConfig: Setting CVar [[r.PostProcessAAQuality:4]]
[2022.05.17-15.02.26:510][  0]LogConfig: Applying CVar settings from Section [ShadowQuality@3] File [D:/Repository/Unreal/GameEngine-N2/CombatProject/Saved/Config/Windows/Scalability.ini]
[2022.05.17-15.02.26:510][  0]LogConfig: Setting CVar [[r.LightFunctionQuality:1]]
[2022.05.17-15.02.26:510][  0]LogConfig: Setting CVar [[r.ShadowQuality:5]]
[2022.05.17-15.02.26:510][  0]LogConfig: Setting CVar [[r.Shadow.CSM.MaxCascades:10]]
[2022.05.17-15.02.26:510][  0]LogConfig: Setting CVar [[r.Shadow.MaxResolution:2048]]
[2022.05.17-15.02.26:510][  0]LogConfig: Setting CVar [[r.Shadow.MaxCSMResolution:2048]]
[2022.05.17-15.02.26:510][  0]LogConfig: Setting CVar [[r.Shadow.RadiusThreshold:0.01]]
[2022.05.17-15.02.26:510][  0]LogConfig: Setting CVar [[r.Shadow.DistanceScale:1.0]]
[2022.05.17-15.02.26:510][  0]LogConfig: Setting CVar [[r.Shadow.CSM.TransitionScale:1.0]]
[2022.05.17-15.02.26:510][  0]LogConfig: Setting CVar [[r.Shadow.PreShadowResolutionFactor:1.0]]
[2022.05.17-15.02.26:510][  0]LogConfig: Setting CVar [[r.DistanceFieldShadowing:1]]
[2022.05.17-15.02.26:510][  0]LogConfig: Setting CVar [[r.DistanceFieldAO:1]]
[2022.05.17-15.02.26:510][  0]LogConfig: Setting CVar [[r.AOQuality:2]]
[2022.05.17-15.02.26:510][  0]LogConfig: Setting CVar [[r.VolumetricFog:1]]
[2022.05.17-15.02.26:510][  0]LogConfig: Setting CVar [[r.VolumetricFog.GridPixelSize:8]]
[2022.05.17-15.02.26:510][  0]LogConfig: Setting CVar [[r.VolumetricFog.GridSizeZ:128]]
[2022.05.17-15.02.26:510][  0]LogConfig: Setting CVar [[r.VolumetricFog.HistoryMissSupersampleCount:4]]
[2022.05.17-15.02.26:510][  0]LogConfig: Setting CVar [[r.LightMaxDrawDistanceScale:1]]
[2022.05.17-15.02.26:510][  0]LogConfig: Setting CVar [[r.CapsuleShadows:1]]
[2022.05.17-15.02.26:510][  0]LogConfig: Applying CVar settings from Section [PostProcessQuality@3] File [D:/Repository/Unreal/GameEngine-N2/CombatProject/Saved/Config/Windows/Scalability.ini]
[2022.05.17-15.02.26:510][  0]LogConfig: Setting CVar [[r.MotionBlurQuality:4]]
[2022.05.17-15.02.26:510][  0]LogConfig: Setting CVar [[r.AmbientOcclusionMipLevelFactor:0.4]]
[2022.05.17-15.02.26:510][  0]LogConfig: Setting CVar [[r.AmbientOcclusionMaxQuality:100]]
[2022.05.17-15.02.26:510][  0]LogConfig: Setting CVar [[r.AmbientOcclusionLevels:-1]]
[2022.05.17-15.02.26:510][  0]LogConfig: Setting CVar [[r.AmbientOcclusionRadiusScale:1.0]]
[2022.05.17-15.02.26:510][  0]LogConfig: Setting CVar [[r.DepthOfFieldQuality:2]]
[2022.05.17-15.02.26:510][  0]LogConfig: Setting CVar [[r.RenderTargetPoolMin:400]]
[2022.05.17-15.02.26:510][  0]LogConfig: Setting CVar [[r.LensFlareQuality:2]]
[2022.05.17-15.02.26:510][  0]LogConfig: Setting CVar [[r.SceneColorFringeQuality:1]]
[2022.05.17-15.02.26:510][  0]LogConfig: Setting CVar [[r.EyeAdaptationQuality:2]]
[2022.05.17-15.02.26:510][  0]LogConfig: Setting CVar [[r.BloomQuality:5]]
[2022.05.17-15.02.26:510][  0]LogConfig: Setting CVar [[r.FastBlurThreshold:100]]
[2022.05.17-15.02.26:510][  0]LogConfig: Setting CVar [[r.Upscale.Quality:3]]
[2022.05.17-15.02.26:510][  0]LogConfig: Setting CVar [[r.Tonemapper.GrainQuantization:1]]
[2022.05.17-15.02.26:511][  0]LogConfig: Setting CVar [[r.LightShaftQuality:1]]
[2022.05.17-15.02.26:511][  0]LogConfig: Setting CVar [[r.Filter.SizeScale:1]]
[2022.05.17-15.02.26:511][  0]LogConfig: Setting CVar [[r.Tonemapper.Quality:5]]
[2022.05.17-15.02.26:511][  0]LogConfig: Setting CVar [[r.DOF.Gather.AccumulatorQuality:1        ; higher gathering accumulator quality]]
[2022.05.17-15.02.26:511][  0]LogConfig: Setting CVar [[r.DOF.Gather.PostfilterMethod:1          ; Median3x3 postfilering method]]
[2022.05.17-15.02.26:511][  0]LogConfig: Setting CVar [[r.DOF.Gather.EnableBokehSettings:0       ; no bokeh simulation when gathering]]
[2022.05.17-15.02.26:511][  0]LogConfig: Setting CVar [[r.DOF.Gather.RingCount:4                 ; medium number of samples when gathering]]
[2022.05.17-15.02.26:511][  0]LogConfig: Setting CVar [[r.DOF.Scatter.ForegroundCompositing:1    ; additive foreground scattering]]
[2022.05.17-15.02.26:511][  0]LogConfig: Setting CVar [[r.DOF.Scatter.BackgroundCompositing:2    ; additive background scattering]]
[2022.05.17-15.02.26:511][  0]LogConfig: Setting CVar [[r.DOF.Scatter.EnableBokehSettings:1      ; bokeh simulation when scattering]]
[2022.05.17-15.02.26:511][  0]LogConfig: Setting CVar [[r.DOF.Scatter.MaxSpriteRatio:0.1         ; only a maximum of 10% of scattered bokeh]]
[2022.05.17-15.02.26:511][  0]LogConfig: Setting CVar [[r.DOF.Recombine.Quality:1                ; cheap slight out of focus]]
[2022.05.17-15.02.26:511][  0]LogConfig: Setting CVar [[r.DOF.Recombine.EnableBokehSettings:0    ; no bokeh simulation on slight out of focus]]
[2022.05.17-15.02.26:511][  0]LogConfig: Setting CVar [[r.DOF.TemporalAAQuality:1                ; more stable temporal accumulation]]
[2022.05.17-15.02.26:511][  0]LogConfig: Setting CVar [[r.DOF.Kernel.MaxForegroundRadius:0.025]]
[2022.05.17-15.02.26:511][  0]LogConfig: Setting CVar [[r.DOF.Kernel.MaxBackgroundRadius:0.025]]
[2022.05.17-15.02.26:511][  0]LogConfig: Applying CVar settings from Section [TextureQuality@3] File [D:/Repository/Unreal/GameEngine-N2/CombatProject/Saved/Config/Windows/Scalability.ini]
[2022.05.17-15.02.26:511][  0]LogConfig: Setting CVar [[r.Streaming.MipBias:0]]
[2022.05.17-15.02.26:511][  0]LogConfig: Setting CVar [[r.Streaming.AmortizeCPUToGPUCopy:0]]
[2022.05.17-15.02.26:511][  0]LogConfig: Setting CVar [[r.Streaming.MaxNumTexturesToStreamPerFrame:0]]
[2022.05.17-15.02.26:511][  0]LogConfig: Setting CVar [[r.Streaming.Boost:1]]
[2022.05.17-15.02.26:511][  0]LogConfig: Setting CVar [[r.MaxAnisotropy:8]]
[2022.05.17-15.02.26:511][  0]LogConfig: Setting CVar [[r.VT.MaxAnisotropy:8]]
[2022.05.17-15.02.26:511][  0]LogConfig: Setting CVar [[r.Streaming.LimitPoolSizeToVRAM:0]]
[2022.05.17-15.02.26:511][  0]LogConfig: Setting CVar [[r.Streaming.PoolSize:1000]]
[2022.05.17-15.02.26:511][  0]LogConfig: Setting CVar [[r.Streaming.MaxEffectiveScreenSize:0]]
[2022.05.17-15.02.26:511][  0]LogConfig: Applying CVar settings from Section [EffectsQuality@3] File [D:/Repository/Unreal/GameEngine-N2/CombatProject/Saved/Config/Windows/Scalability.ini]
[2022.05.17-15.02.26:511][  0]LogConfig: Setting CVar [[r.TranslucencyLightingVolumeDim:64]]
[2022.05.17-15.02.26:511][  0]LogConfig: Setting CVar [[r.RefractionQuality:2]]
[2022.05.17-15.02.26:511][  0]LogConfig: Setting CVar [[r.SSR.Quality:3]]
[2022.05.17-15.02.26:511][  0]LogConfig: Setting CVar [[r.SSR.HalfResSceneColor:0]]
[2022.05.17-15.02.26:511][  0]LogConfig: Setting CVar [[r.SceneColorFormat:4]]
[2022.05.17-15.02.26:511][  0]LogConfig: Setting CVar [[r.DetailMode:2]]
[2022.05.17-15.02.26:511][  0]LogConfig: Setting CVar [[r.TranslucencyVolumeBlur:1]]
[2022.05.17-15.02.26:511][  0]LogConfig: Setting CVar [[r.MaterialQualityLevel:1 ; High quality]]
[2022.05.17-15.02.26:511][  0]LogConfig: Setting CVar [[r.AnisotropicMaterials:1]]
[2022.05.17-15.02.26:511][  0]LogConfig: Setting CVar [[r.SSS.Scale:1]]
[2022.05.17-15.02.26:511][  0]LogConfig: Setting CVar [[r.SSS.SampleSet:2]]
[2022.05.17-15.02.26:511][  0]LogConfig: Setting CVar [[r.SSS.Quality:1]]
[2022.05.17-15.02.26:511][  0]LogConfig: Setting CVar [[r.SSS.HalfRes:0]]
[2022.05.17-15.02.26:511][  0]LogConfig: Setting CVar [[r.SSGI.Quality:3]]
[2022.05.17-15.02.26:511][  0]LogConfig: Setting CVar [[r.EmitterSpawnRateScale:1.0]]
[2022.05.17-15.02.26:511][  0]LogConfig: Setting CVar [[r.ParticleLightQuality:2]]
[2022.05.17-15.02.26:511][  0]LogConfig: Setting CVar [[r.SkyAtmosphere.AerialPerspectiveLUT.FastApplyOnOpaque:1 ; Always have FastSkyLUT 1 in this case to avoid wrong sky]]
[2022.05.17-15.02.26:511][  0]LogConfig: Setting CVar [[r.SkyAtmosphere.AerialPerspectiveLUT.SampleCountMaxPerSlice:4]]
[2022.05.17-15.02.26:511][  0]LogConfig: Setting CVar [[r.SkyAtmosphere.AerialPerspectiveLUT.DepthResolution:16.0]]
[2022.05.17-15.02.26:511][  0]LogConfig: Setting CVar [[r.SkyAtmosphere.FastSkyLUT:1]]
[2022.05.17-15.02.26:511][  0]LogConfig: Setting CVar [[r.SkyAtmosphere.FastSkyLUT.SampleCountMin:4.0]]
[2022.05.17-15.02.26:511][  0]LogConfig: Setting CVar [[r.SkyAtmosphere.FastSkyLUT.SampleCountMax:128.0]]
[2022.05.17-15.02.26:511][  0]LogConfig: Setting CVar [[r.SkyAtmosphere.SampleCountMin:4.0]]
[2022.05.17-15.02.26:511][  0]LogConfig: Setting CVar [[r.SkyAtmosphere.SampleCountMax:128.0]]
[2022.05.17-15.02.26:511][  0]LogConfig: Setting CVar [[r.SkyAtmosphere.TransmittanceLUT.UseSmallFormat:0]]
[2022.05.17-15.02.26:511][  0]LogConfig: Setting CVar [[r.SkyAtmosphere.TransmittanceLUT.SampleCount:10.0]]
[2022.05.17-15.02.26:511][  0]LogConfig: Setting CVar [[r.SkyAtmosphere.MultiScatteringLUT.SampleCount:15.0]]
[2022.05.17-15.02.26:511][  0]LogConfig: Setting CVar [[r.SkyLight.RealTimeReflectionCapture:1]]
[2022.05.17-15.02.26:511][  0]LogConfig: Applying CVar settings from Section [FoliageQuality@3] File [D:/Repository/Unreal/GameEngine-N2/CombatProject/Saved/Config/Windows/Scalability.ini]
[2022.05.17-15.02.26:511][  0]LogConfig: Setting CVar [[foliage.DensityScale:1.0]]
[2022.05.17-15.02.26:511][  0]LogConfig: Setting CVar [[grass.DensityScale:1.0]]
[2022.05.17-15.02.26:511][  0]LogConfig: Applying CVar settings from Section [ShadingQuality@3] File [D:/Repository/Unreal/GameEngine-N2/CombatProject/Saved/Config/Windows/Scalability.ini]
[2022.05.17-15.02.26:511][  0]LogConfig: Setting CVar [[r.HairStrands.SkyLighting.IntegrationType:2]]
[2022.05.17-15.02.26:511][  0]LogConfig: Setting CVar [[r.HairStrands.SkyAO.SampleCount:4]]
[2022.05.17-15.02.26:511][  0]LogConfig: Setting CVar [[r.HairStrands.Visibility.MSAA.SamplePerPixel:4]]
[2022.05.17-15.02.26:511][  0]LogConfig: Applying CVar settings from Section [Startup] File [../../../Engine/Config/ConsoleVariables.ini]
[2022.05.17-15.02.26:511][  0]LogConfig: Setting CVar [[net.UseAdaptiveNetUpdateFrequency:0]]
[2022.05.17-15.02.26:511][  0]LogConfig: Setting CVar [[p.chaos.AllowCreatePhysxBodies:1]]
[2022.05.17-15.02.26:511][  0]LogConfig: Setting CVar [[fx.SkipVectorVMBackendOptimizations:1]]
[2022.05.17-15.02.26:511][  0]LogConfig: Applying CVar settings from Section [ConsoleVariables] File [D:/Repository/Unreal/GameEngine-N2/CombatProject/Saved/Config/Windows/Engine.ini]
[2022.05.17-15.02.26:511][  0]LogConfig: Applying CVar settings from Section [ConsoleVariables] File [D:/Repository/Unreal/GameEngine-N2/CombatProject/Saved/Config/Windows/Editor.ini]
[2022.05.17-15.02.26:512][  0]LogInit: Computer: DESKTOP-5F72IDP
[2022.05.17-15.02.26:512][  0]LogInit: User: muril
[2022.05.17-15.02.26:512][  0]LogInit: CPU Page size=4096, Cores=4
[2022.05.17-15.02.26:512][  0]LogInit: High frequency timer resolution =10.000000 MHz
[2022.05.17-15.02.26:512][  0]LogMemory: Memory total: Physical=7.9GB (8GB approx)
[2022.05.17-15.02.26:512][  0]LogMemory: Platform Memory Stats for Windows
[2022.05.17-15.02.26:512][  0]LogMemory: Process Physical Memory: 144.57 MB used, 144.57 MB peak
[2022.05.17-15.02.26:512][  0]LogMemory: Process Virtual Memory: 128.56 MB used, 128.56 MB peak
[2022.05.17-15.02.26:512][  0]LogMemory: Physical Memory: 4789.88 MB used,  3274.43 MB free, 8064.31 MB total
[2022.05.17-15.02.26:512][  0]LogMemory: Virtual Memory: 134205544.00 MB used,  12186.68 MB free, 134217728.00 MB total
[2022.05.17-15.02.26:517][  0]LogWindows: WindowsPlatformFeatures enabled
[2022.05.17-15.02.26:538][  0]LogInit: Physics initialised using underlying interface: PhysX
[2022.05.17-15.02.26:539][  0]LogInit: Using OS detected language (pt-BR).
[2022.05.17-15.02.26:539][  0]LogInit: Using OS detected locale (pt-BR).
[2022.05.17-15.02.26:560][  0]LogTextLocalizationResource: LocRes '../../../Engine/Content/Localization/Editor/pt/Editor.locres' could not be opened for reading!
[2022.05.17-15.02.26:560][  0]LogTextLocalizationResource: LocRes '../../../Engine/Content/Localization/EditorTutorials/pt/EditorTutorials.locres' could not be opened for reading!
[2022.05.17-15.02.26:560][  0]LogTextLocalizationResource: LocRes '../../../Engine/Content/Localization/Keywords/pt/Keywords.locres' could not be opened for reading!
[2022.05.17-15.02.26:560][  0]LogTextLocalizationResource: LocRes '../../../Engine/Content/Localization/Category/pt/Category.locres' could not be opened for reading!
[2022.05.17-15.02.26:560][  0]LogTextLocalizationResource: LocRes '../../../Engine/Content/Localization/ToolTips/pt/ToolTips.locres' could not be opened for reading!
[2022.05.17-15.02.26:560][  0]LogTextLocalizationResource: LocRes '../../../Engine/Content/Localization/PropertyNames/pt/PropertyNames.locres' could not be opened for reading!
[2022.05.17-15.02.26:560][  0]LogTextLocalizationResource: LocRes '../../../Engine/Content/Localization/Engine/pt/Engine.locres' could not be opened for reading!
[2022.05.17-15.02.26:560][  0]LogTextLocalizationResource: LocRes '../../../Engine/Plugins/Online/OnlineSubsystem/Content/Localization/OnlineSubsystem/pt/OnlineSubsystem.locres' could not be opened for reading!
[2022.05.17-15.02.26:560][  0]LogTextLocalizationResource: LocRes '../../../Engine/Plugins/Online/OnlineSubsystemUtils/Content/Localization/OnlineSubsystemUtils/pt/OnlineSubsystemUtils.locres' could not be opened for reading!
[2022.05.17-15.02.26:560][  0]LogTextLocalizationResource: LocRes '../../../Engine/Plugins/Online/Android/OnlineSubsystemGooglePlay/Content/Localization/OnlineSubsystemGooglePlay/pt/OnlineSubsystemGooglePlay.locres' could not be opened for reading!
[2022.05.17-15.02.26:560][  0]LogTextLocalizationResource: LocRes '../../../Engine/Plugins/Online/IOS/OnlineSubsystemIOS/Content/Localization/OnlineSubsystemIOS/pt/OnlineSubsystemIOS.locres' could not be opened for reading!
[2022.05.17-15.02.26:570][  0]LogInit: Setting process to per monitor DPI aware
[2022.05.17-15.02.26:579][  0]LogWindowsTextInputMethodSystem: Display: IME system deactivated.
[2022.05.17-15.02.26:592][  0]LogSlate: New Slate User Created.  User Index 0, Is Virtual User: 0
[2022.05.17-15.02.26:592][  0]LogSlate: Slate User Registered.  User Index 0, Is Virtual User: 0
[2022.05.17-15.02.26:779][  0]LogD3D11RHI: Loaded GFSDK_Aftermath_Lib.x64.dll
[2022.05.17-15.02.26:783][  0]LogHMD: Failed to initialize OpenVR with code 110
[2022.05.17-15.02.26:783][  0]LogD3D11RHI: D3D11 min allowed feature level: 11_0
[2022.05.17-15.02.26:783][  0]LogD3D11RHI: D3D11 max allowed feature level: 11_0
[2022.05.17-15.02.26:783][  0]LogD3D11RHI: D3D11 adapters:
[2022.05.17-15.02.27:422][  0]LogD3D11RHI:    0. 'Radeon (TM) 520' (Feature Level 11_0)
[2022.05.17-15.02.27:423][  0]LogD3D11RHI:       2039/0/4032 MB DedicatedVideo/DedicatedSystem/SharedSystem, Outputs:2, VendorId:0x1002
[2022.05.17-15.02.27:446][  0]LogD3D11RHI:    1. 'Intel(R) UHD Graphics 620' (Feature Level 11_0)
[2022.05.17-15.02.27:446][  0]LogD3D11RHI:       128/0/4032 MB DedicatedVideo/DedicatedSystem/SharedSystem, Outputs:0, VendorId:0x8086
[2022.05.17-15.02.27:448][  0]LogD3D11RHI:    2. 'Microsoft Basic Render Driver' (Feature Level 11_0)
[2022.05.17-15.02.27:448][  0]LogD3D11RHI:       0/0/4032 MB DedicatedVideo/DedicatedSystem/SharedSystem, Outputs:0, VendorId:0x1414
[2022.05.17-15.02.27:448][  0]LogD3D11RHI: Chosen D3D11 Adapter:
[2022.05.17-15.02.27:448][  0]LogD3D11RHI:     Description : Radeon (TM) 520
[2022.05.17-15.02.27:448][  0]LogD3D11RHI:     VendorId    : 1002
[2022.05.17-15.02.27:448][  0]LogD3D11RHI:     DeviceId    : 6665
[2022.05.17-15.02.27:448][  0]LogD3D11RHI:     SubSysId    : 8ca1028
[2022.05.17-15.02.27:448][  0]LogD3D11RHI:     Revision    : 00c3
[2022.05.17-15.02.27:448][  0]LogD3D11RHI:     DedicatedVideoMemory : 2138300416 bytes
[2022.05.17-15.02.27:448][  0]LogD3D11RHI:     DedicatedSystemMemory : 0 bytes
[2022.05.17-15.02.27:448][  0]LogD3D11RHI:     SharedSystemMemory : 4228022272 bytes
[2022.05.17-15.02.27:448][  0]LogD3D11RHI:     AdapterLuid : 0 66558
[2022.05.17-15.02.27:452][  0]LogD3D11RHI: Creating new Direct3DDevice
[2022.05.17-15.02.27:452][  0]LogD3D11RHI:     GPU DeviceId: 0x6665 (for the marketing name, search the web for "GPU Device Id")
[2022.05.17-15.02.27:452][  0]LogWindows: EnumDisplayDevices:
[2022.05.17-15.02.27:452][  0]LogWindows:    0. 'Intel(R) UHD Graphics 620' (P:0 D:1)
[2022.05.17-15.02.27:452][  0]LogWindows:    1. 'Intel(R) UHD Graphics 620' (P:1 D:1)
[2022.05.17-15.02.27:453][  0]LogWindows:    2. 'Intel(R) UHD Graphics 620' (P:0 D:0)
[2022.05.17-15.02.27:453][  0]LogWindows: DebugString: PrimaryIsNotTheChoosenAdapter PrimaryIsNotTheChoosenAdapter PrimaryIsNotTheChoosenAdapter FoundDriverCount:0 
[2022.05.17-15.02.27:453][  0]LogD3D11RHI:     Adapter Name: Radeon (TM) 520
[2022.05.17-15.02.27:453][  0]LogD3D11RHI:   Driver Version: Unknown (internal:Unknown, unified:Unknown)
[2022.05.17-15.02.27:453][  0]LogD3D11RHI:      Driver Date: Unknown
[2022.05.17-15.02.27:453][  0]LogRHI: Texture pool is 1213 MB (70% of 1733 MB)
[2022.05.17-15.02.27:460][  0]LogD3D11RHI: Creating D3DDevice with AMD AGS, using adapter:
[2022.05.17-15.02.27:460][  0]LogD3D11RHI:     Description : Radeon (TM) 520
[2022.05.17-15.02.27:460][  0]LogD3D11RHI:     VendorId    : 1002
[2022.05.17-15.02.27:460][  0]LogD3D11RHI:     DeviceId    : 6665
[2022.05.17-15.02.27:460][  0]LogD3D11RHI:     SubSysId    : 8ca1028
[2022.05.17-15.02.27:460][  0]LogD3D11RHI:     Revision    : 00c3
[2022.05.17-15.02.27:460][  0]LogD3D11RHI:     DedicatedVideoMemory : 2138300416 bytes
[2022.05.17-15.02.27:460][  0]LogD3D11RHI:     DedicatedSystemMemory : 0 bytes
[2022.05.17-15.02.27:460][  0]LogD3D11RHI:     SharedSystemMemory : 4228022272 bytes
[2022.05.17-15.02.27:460][  0]LogD3D11RHI:     AdapterLuid : 0 66558
[2022.05.17-15.02.27:496][  0]LogD3D11RHI: Created device via AGS, feature level 11_0, supported extensions 1fffffbf.
[2022.05.17-15.02.27:496][  0]LogD3D11RHI: RHI has support for 64 bit atomics
[2022.05.17-15.02.27:496][  0]LogD3D11RHI: Async texture creation enabled
[2022.05.17-15.02.27:496][  0]LogD3D11RHI: Array index from any shader is supported
[2022.05.17-15.02.27:512][  0]LogD3D11RHI: GPU Timing Frequency: 27.000000 (Debug: 2 1)
[2022.05.17-15.02.27:772][  0]LogTargetPlatformManager: Display: Loaded TargetPlatform 'AllDesktop'
[2022.05.17-15.02.27:789][  0]LogTargetPlatformManager: Display: Loaded TargetPlatform 'Android'
[2022.05.17-15.02.27:789][  0]LogTargetPlatformManager: Display: Loaded TargetPlatform 'Android_ASTC'
[2022.05.17-15.02.27:789][  0]LogTargetPlatformManager: Display: Loaded TargetPlatform 'Android_DXT'
[2022.05.17-15.02.27:789][  0]LogTargetPlatformManager: Display: Loaded TargetPlatform 'Android_ETC2'
[2022.05.17-15.02.27:789][  0]LogTargetPlatformManager: Display: Loaded TargetPlatform 'AndroidClient'
[2022.05.17-15.02.27:789][  0]LogTargetPlatformManager: Display: Loaded TargetPlatform 'Android_ASTCClient'
[2022.05.17-15.02.27:789][  0]LogTargetPlatformManager: Display: Loaded TargetPlatform 'Android_DXTClient'
[2022.05.17-15.02.27:789][  0]LogTargetPlatformManager: Display: Loaded TargetPlatform 'Android_ETC2Client'
[2022.05.17-15.02.27:789][  0]LogTargetPlatformManager: Display: Loaded TargetPlatform 'Android_Multi'
[2022.05.17-15.02.27:789][  0]LogTargetPlatformManager: Display: Loaded TargetPlatform 'Android_MultiClient'
[2022.05.17-15.02.27:805][  0]LogTargetPlatformManager: Display: Loaded TargetPlatform 'IOSClient'
[2022.05.17-15.02.27:805][  0]LogTargetPlatformManager: Display: Loaded TargetPlatform 'IOS'
[2022.05.17-15.02.27:813][  0]LogTargetPlatformManager: Display: Loaded TargetPlatform 'Linux'
[2022.05.17-15.02.27:817][  0]LogTargetPlatformManager: Display: Loaded TargetPlatform 'LinuxNoEditor'
[2022.05.17-15.02.27:819][  0]LogTargetPlatformManager: Display: Loaded TargetPlatform 'LinuxClient'
[2022.05.17-15.02.27:823][  0]LogTargetPlatformManager: Display: Loaded TargetPlatform 'LinuxServer'
[2022.05.17-15.02.27:831][  0]LogTargetPlatformManager: Display: Loaded TargetPlatform 'LinuxAArch64NoEditor'
[2022.05.17-15.02.27:835][  0]LogTargetPlatformManager: Display: Loaded TargetPlatform 'LinuxAArch64Client'
[2022.05.17-15.02.27:839][  0]LogTargetPlatformManager: Display: Loaded TargetPlatform 'LinuxAArch64Server'
[2022.05.17-15.02.27:860][  0]LogTargetPlatformManager: Display: Loaded TargetPlatform 'Lumin'
[2022.05.17-15.02.27:860][  0]LogTargetPlatformManager: Display: Loaded TargetPlatform 'LuminClient'
[2022.05.17-15.02.27:867][  0]LogTargetPlatformManager: Display: Loaded TargetPlatform 'MacNoEditor'
[2022.05.17-15.02.27:871][  0]LogTargetPlatformManager: Display: Loaded TargetPlatform 'Mac'
[2022.05.17-15.02.27:874][  0]LogTargetPlatformManager: Display: Loaded TargetPlatform 'MacClient'
[2022.05.17-15.02.27:878][  0]LogTargetPlatformManager: Display: Loaded TargetPlatform 'MacServer'
[2022.05.17-15.02.27:886][  0]LogTargetPlatformManager: Display: Loaded TargetPlatform 'TVOSClient'
[2022.05.17-15.02.27:886][  0]LogTargetPlatformManager: Display: Loaded TargetPlatform 'TVOS'
[2022.05.17-15.02.27:894][  0]LogTargetPlatformManager: Display: Loaded TargetPlatform 'WindowsNoEditor'
[2022.05.17-15.02.27:898][  0]LogTargetPlatformManager: Display: Loaded TargetPlatform 'Windows'
[2022.05.17-15.02.27:903][  0]LogTargetPlatformManager: Display: Loaded TargetPlatform 'WindowsClient'
[2022.05.17-15.02.27:907][  0]LogTargetPlatformManager: Display: Loaded TargetPlatform 'WindowsServer'
[2022.05.17-15.02.27:907][  0]LogTargetPlatformManager: Display: Building Assets For Windows
[2022.05.17-15.02.27:913][  0]LogAudioDebug: Display: Lib vorbis DLL was dynamically loaded.
[2022.05.17-15.02.27:938][  0]LogTextureFormatOodle: Display: Oodle Texture 2.9.0 init RDO Off
[2022.05.17-15.02.27:964][  0]LogRendererCore: Ray tracing is disabled. Reason: r.RayTracing=0.
[2022.05.17-15.02.27:964][  0]LogShaderCompilers: Guid format shader working directory is -14 characters bigger than the processId version (../../../../../Repository/Unreal/GameEngine-N2/CombatProject/Intermediate/Shaders/WorkingDirectory/6596/).
[2022.05.17-15.02.27:964][  0]LogShaderCompilers: Cleaned the shader compiler working directory 'C:/Users/muril/AppData/Local/Temp/UnrealShaderWorkingDir/3E25C3B447CCE66CB0CAD68C55B68798/'.
[2022.05.17-15.02.27:965][  0]LogXGEController: Cannot use XGE Controller as Incredibuild is not installed on this machine.
[2022.05.17-15.02.27:965][  0]LogShaderCompilers: Cannot use XGE Shader Compiler as Incredibuild is not installed on this machine.
[2022.05.17-15.02.27:965][  0]LogShaderCompilers: Display: Using Local Shader Compiler.
[2022.05.17-15.02.28:715][  0]LogDerivedDataCache: Display: Max Cache Size: 512 MB
[2022.05.17-15.02.28:779][  0]LogDerivedDataCache: Loaded boot cache 0.06s 94MB C:/Users/muril/AppData/Local/UnrealEngine/4.27/DerivedDataCache/Boot.ddc.
[2022.05.17-15.02.28:779][  0]LogDerivedDataCache: Display: Loaded Boot cache: C:/Users/muril/AppData/Local/UnrealEngine/4.27/DerivedDataCache/Boot.ddc
[2022.05.17-15.02.28:779][  0]LogDerivedDataCache: FDerivedDataBackendGraph:  Pak pak cache file ../../../../../Repository/Unreal/GameEngine-N2/CombatProject/DerivedDataCache/DDC.ddp not found, will not use a pak cache.
[2022.05.17-15.02.28:779][  0]LogDerivedDataCache: Unable to find inner node Pak for hierarchical cache Hierarchy.
[2022.05.17-15.02.28:779][  0]LogDerivedDataCache: FDerivedDataBackendGraph:  CompressedPak pak cache file ../../../../../Repository/Unreal/GameEngine-N2/CombatProject/DerivedDataCache/Compressed.ddp not found, will not use a pak cache.
[2022.05.17-15.02.28:779][  0]LogDerivedDataCache: Unable to find inner node CompressedPak for hierarchical cache Hierarchy.
[2022.05.17-15.02.28:794][  0]LogDerivedDataCache: Display: Pak cache opened for reading ../../../Engine/DerivedDataCache/Compressed.ddp.
[2022.05.17-15.02.28:795][  0]LogDerivedDataCache: FDerivedDataBackendGraph:  EnterprisePak pak cache file ../../../Enterprise/DerivedDataCache/Compressed.ddp not found, will not use a pak cache.
[2022.05.17-15.02.28:795][  0]LogDerivedDataCache: Unable to find inner node EnterprisePak for hierarchical cache Hierarchy.
[2022.05.17-15.02.28:804][  0]LogDerivedDataCache: Speed tests for C:/Users/muril/AppData/Local/UnrealEngine/Common/DerivedDataCache took 0.01 seconds
[2022.05.17-15.02.28:804][  0]LogDerivedDataCache: Display: Performance to C:/Users/muril/AppData/Local/UnrealEngine/Common/DerivedDataCache: Latency=0.02ms. RandomReadSpeed=1477.34MBs, RandomWriteSpeed=113.58MBs. Assigned SpeedClass 'Local'
[2022.05.17-15.02.28:806][  0]LogDerivedDataCache: Using Local data cache path C:/Users/muril/AppData/Local/UnrealEngine/Common/DerivedDataCache: Writable
[2022.05.17-15.02.28:806][  0]LogDerivedDataCache: Shared data cache path not found in *engine.ini, will not use an Shared cache.
[2022.05.17-15.02.28:806][  0]LogDerivedDataCache: Unable to find inner node Shared for hierarchical cache Hierarchy.
[2022.05.17-15.02.28:857][  0]LogSlate: Using FreeType 2.10.0
[2022.05.17-15.02.28:857][  0]LogSlate: SlateFontServices - WITH_FREETYPE: 1, WITH_HARFBUZZ: 1
[2022.05.17-15.02.28:880][  0]LogAssetRegistry: FAssetRegistry took 0.0021 seconds to start up
[2022.05.17-15.02.29:105][  0]LogInit: Selected Device Profile: [Windows]
[2022.05.17-15.02.29:106][  0]LogInit: Active device profile: [000002589C6A0B00][000002588DCD4E80 49] Windows
[2022.05.17-15.02.29:106][  0]LogInit: Profiles: [000002589C6A0B00][000002588DCD4E80 49] Windows, [000002589C64E100][000002588DCDD000 49] WindowsNoEditor, [000002589C6A1900][00000258809CB180 49] WindowsServer, [000002589C64EE00][00000258809CF300 49] WindowsClient, [000002589C6A3C00][00000258809D3480 49] IOS, [000002589C64CF00][00000258809D7600 49] iPadAir, [000002589C6A3E00][00000258809DB780 49] iPadAir2, [000002589C608E00][00000258809E3A40 49] IPadPro, [000002589C608F00][00000258809DFA80 49] iPadAir3, [000002589C64FB00][00000258809E7C00 49] iPadAir4, [000002589C60B800][00000258809EA200 49] iPadMini2, [000002589C64EF00][00000258809EE380 49] iPadMini3, [000002589C60BA00][00000258809F2500 49] iPadMini4, [000002589C64F700][00000258809F6680 49] iPadMini5, [000002589C634600][000002589B9E6940 49] iPhone6, [000002589C634700][000002589B9E2980 49] iPodTouch6, [000002589C6A2900][000002589B9EABC0 49] iPhone7, [000002589C6A2600][000002588DCD8C00 49] iPodTouch7, [000002589C634100][000002589B9EED40 49] iPhone5S, [000002589C608700][000002589B9F6EC0 49] iPhone6Plus, [000002589C636500][000002589B9FB040 49] iPhone6S, [000002589C609200][000002589B9FF1C0 49] iPhone6SPlus, [000002589C637B00][000002589BA03340 49] iPhone7Plus, [000002589C60B700][000002589BA074C0 49] iPhoneSE, [000002589C6A2C00][000002589BA0B640 49] iPhone8, [000002589C608600][000002589BA0F7C0 49] iPhone8Plus, [000002589C6A2100][000002589BA13940 49] iPhoneX, [000002589C60AA00][000002589BA17AC0 49] iPhoneXS, [000002589C6A3200][000002589BA1A0C0 49] iPhoneXSMax, [000002589C60AF00][000002589BA1E240 49] iPhoneXR, [000002589C6A3B00][000002589BA223C0 49] iPhone11, [000002589C609D00][000002589BA26540 49] iPhone11Pro, [000002589C6A0600][000002589BA2A6C0 49] iPhone11ProMax, [000002589C60A100][000002589BA2E840 49] iPhoneSE2, [000002589C6A3A00][000002589BA329C0 49] iPhone12Mini, [000002589C60A200][0000025894918B40 49] iPhone12, [000002589C6A0700][000002589B9F2C80 49] iPhone12Pro, [000002589C60A400][000002589491CDC0 49] iPhone12ProMax, [000002589C6A1200][0000025894920F00 49] iPadPro105, [000002589C609900][0000025894929080 49] iPadPro129, [000002589C6A0400][000002589492D200 49] iPadPro97, [000002589C60BC00][0000025894931380 49] iPadPro2_129, [000002589C6A3900][0000025894935500 49] iPad5, [000002589C608300][0000025894939680 49] iPad6, [000002589C6A1B00][000002589493D800 49] iPad7, [000002589C60A500][0000025894941980 49] iPad8, [000002589C6A1700][0000025894945B00 49] iPadPro11, [000002589C60B900][0000025894948100 49] iPadPro2_11, [000002589C6A1400][000002589494C280 49] iPadPro3_129, [000002589C60A300][0000025894950400 49] iPadPro4_129, [000002589C6A3700][0000025894954580 49] AppleTV, [000002589C60BB00][0000025894958700 49] AppleTV4K, [000002589C6A1D00][000002589495C880 49] TVOS, [000002589C608800][0000025894960A00 49] Mac, [000002589C6A2400][0000025894964B80 49] MacClient, [000002589C60AD00][0000025894968D00 49] MacNoEditor, [000002589C6A3500][0000025894924E40 49] MacServer, [000002589C608A00][000002589496CF80 49] Linux, [000002589C6A2B00][00000258949710C0 49] LinuxAArch64, [000002589C60A900][0000025894979240 49] LinuxNoEditor, [000002589C6A2500][000002589497D3C0 49] LinuxAArch64NoEditor, [000002589C608D00][0000025894981540 49] LinuxClient, [000002589C6A0D00][00000258949856C0 49] LinuxAArch64Client, [000002589C609F00][0000025894989840 49] LinuxServer, [000002589C6A3100][000002589498D9C0 49] LinuxAArch64Server, [000002589C609100][0000025894991B40 49] Android, [000002589C6A2E00][0000025894994140 49] Android_Low, [000002589C60B400][00000258949982C0 49] Android_Mid, [000002589C6A2200][000002589499C440 49] Android_High, [000002589C609000][00000258949A05C0 49] Android_Default, [000002589C6A1300][000002589BC5A740 49] Android_Adreno4xx, [000002589C64E300][000002589BC5E8C0 49] Android_Adreno5xx_Low, [000002589C635C00][000002589BC62A40 49] Android_Adreno5xx, [000002589C64F600][000002589BC66BC0 49] Android_Adreno6xx, [000002589C636000][000002589BC6AD40 49] Android_Adreno6xx_Vulkan, [000002589C64C400][000002589BC6EEC0 49] Android_Mali_T6xx, [000002589C634F00][0000025894975000 49] Android_Mali_T7xx, [000002589C64DE00][000002589BC73140 49] Android_Mali_T8xx, [000002589C635F00][000002589BC77280 49] Android_Mali_G71, [000002589C64E800][000002589BC7B3C0 49] Android_Mali_G72, [000002589C636F00][000002589BC83540 49] Android_Mali_G72_Vulkan, [000002589C64FE00][000002589BC876C0 49] Android_Mali_G76, [000002589C636200][000002589BC8B840 49] Android_Mali_G76_Vulkan, [000002589C64DD00][000002589BC8F9C0 49] Android_Mali_G77, [000002589C636C00][000002589BC93B40 49] Android_Mali_G77_Vulkan, [000002589C64F400][000002589BC96140 49] Android_Mali_G78, [000002589C635300][000002589BC9A2C0 49] Android_Mali_G78_Vulkan, [000002589C64D300][000002589BC9E440 49] Android_Mali_G710, [000002589C634500][000002589BCA25C0 49] Android_Mali_G710_Vulkan, [000002589C64C700][000002589BCA6740 49] Android_Vulkan_SM5, [000002589C637F00][000002589BCAA8C0 49] Android_PowerVR_G6xxx, [000002589C64DF00][000002589BCAEA40 49] Android_PowerVR_GT7xxx, [000002589C637000][000002589BCB2BC0 49] Android_PowerVR_GE8xxx, [000002589C64F800][000002589BCB6D40 49] Android_PowerVR_GM9xxx, [000002589C636800][000002589BCBAEC0 49] Android_PowerVR_GM9xxx_Vulkan, [000002589C64D600][000002589BCBF040 49] Android_TegraK1, [000002589C635700][000002589BC7F180 49] Android_Unknown_Vulkan, [000002589C64F300][000002589BCC32C0 49] Lumin, [000002589C637C00][000002589BCC7400 49] Lumin_Desktop, [000002589C64CE00][000002589BCCB540 49] HoloLens, 
[2022.05.17-15.02.29:231][  0]LogMeshReduction: Using QuadricMeshReduction for automatic static mesh reduction
[2022.05.17-15.02.29:231][  0]LogMeshReduction: Using SimplygonMeshReduction for automatic skeletal mesh reduction
[2022.05.17-15.02.29:231][  0]LogMeshReduction: Using ProxyLODMeshReduction for automatic mesh merging
[2022.05.17-15.02.29:231][  0]LogMeshReduction: No distributed automatic mesh merging module available
[2022.05.17-15.02.29:231][  0]LogMeshMerging: No distributed automatic mesh merging module available
[2022.05.17-15.02.29:246][  0]LogNetVersion: CombatProject 1.0.0, NetCL: 17155196, EngineNetVer: 17, GameNetVer: 0 (Checksum: 3431154183)
[2022.05.17-15.02.29:619][  0]LogTexture: Default maximum texture size for cubemaps generated from long-lat sources has been changed from 512 to unlimited. In order to preserve old behaiour for '/Engine/MapTemplates/Sky/DaylightAmbientCubemap.DaylightAmbientCubemap', its maximum texture size has been explicitly set to 512.
[2022.05.17-15.02.29:678][  0]LogHMD: PokeAHoleMaterial loaded successfully
[2022.05.17-15.02.29:683][  0]LogUObjectArray: 17178 objects as part of root set at end of initial load.
[2022.05.17-15.02.29:683][  0]LogUObjectAllocator: 4302048 out of 0 bytes used by permanent object pool.
[2022.05.17-15.02.29:683][  0]LogUObjectArray: CloseDisregardForGC: 0/0 objects in disregard for GC pool
[2022.05.17-15.02.29:918][  0]LogNiagaraDebuggerClient: Niagara Debugger Client Initialized | Session: B15C930543662B3084598C8190E63A00 | Instance: 4F138E264E914A911DEB998B394FDAFB (DESKTOP-5F72IDP-6596).
[2022.05.17-15.02.30:022][  0]LogPython: Using Python 3.7.7
[2022.05.17-15.02.30:561][  0]LogTcpMessaging: Initializing TcpMessaging bridge
[2022.05.17-15.02.30:565][  0]LogUdpMessaging: Initializing bridge on interface 0.0.0.0:0 to multicast group 230.0.0.1:6666.
[2022.05.17-15.02.30:737][  0]SourceControl: Controle de origem desativado
[2022.05.17-15.02.30:737][  0]SourceControl: Controle de origem desativado
[2022.05.17-15.02.30:739][  0]SourceControl: Controle de origem desativado
[2022.05.17-15.02.30:742][  0]SourceControl: Controle de origem desativado
[2022.05.17-15.02.30:745][  0]SourceControl: Controle de origem desativado
[2022.05.17-15.02.30:753][  0]LogUProjectInfo: Found projects:
[2022.05.17-15.02.30:895][  0]LogOpenImageDenoise: OIDN starting up
[2022.05.17-15.02.30:920][  0]LogAndroidPermission: UAndroidPermissionCallbackProxy::GetInstance
[2022.05.17-15.02.30:940][  0]LogAudioCaptureCore: Display: No Audio Capture implementations found. Audio input will be silent.
[2022.05.17-15.02.30:940][  0]LogAudioCaptureCore: Display: No Audio Capture implementations found. Audio input will be silent.
[2022.05.17-15.02.31:052][  0]LogCollectionManager: Loaded 0 collections in 0.001392 seconds
[2022.05.17-15.02.31:073][  0]LogFileCache: Scanning file cache for directory 'D:/Repository/Unreal/GameEngine-N2/CombatProject/Saved/Collections/' took 0.00s
[2022.05.17-15.02.31:073][  0]LogFileCache: Scanning file cache for directory 'D:/Repository/Unreal/GameEngine-N2/CombatProject/Content/Developers/muril/Collections/' took 0.00s
[2022.05.17-15.02.31:073][  0]LogFileCache: Scanning file cache for directory 'D:/Repository/Unreal/GameEngine-N2/CombatProject/Content/Collections/' took 0.00s
[2022.05.17-15.02.31:074][  0]LogOcInput: OculusInput pre-init called
[2022.05.17-15.02.31:371][  0]LogEngine: Initializing Engine...
[2022.05.17-15.02.31:373][  0]LogHMD: Failed to enumerate extensions. Please check that you have a valid OpenXR runtime installed.
[2022.05.17-15.02.31:373][  0]LogHMD: Failed to initialize OpenVR with code 110
[2022.05.17-15.02.31:373][  0]LogMagicLeap: Warning: VR disabled because ZI is not enabled.  To enable, in the editor, Edit -> Project Settings -> Plugins -> Magic Leap Plugin -> Enable Zero Iteration
[2022.05.17-15.02.31:374][  0]LogStats: UGameplayTagsManager::InitializeManager -  0.000 s
[2022.05.17-15.02.31:516][  0]LogInit: Initializing FReadOnlyCVARCache
[2022.05.17-15.02.31:523][  0]LogAIModule: Creating AISystem for world Untitled
[2022.05.17-15.02.31:543][  0]LogAudio: Display: Initializing Audio Device Manager...
[2022.05.17-15.02.31:546][  0]LogAudio: Display: Loading Default Audio Settings Objects...
[2022.05.17-15.02.31:547][  0]LogAudio: Display: No default SoundConcurrencyObject specified (or failed to load).
[2022.05.17-15.02.31:547][  0]LogAudio: Display: Audio Device Manager Initialized
[2022.05.17-15.02.31:547][  0]LogAudio: Display: Creating Audio Device:                 Id: 1, Scope: Shared, Realtime: True
[2022.05.17-15.02.31:547][  0]LogAudioMixer: Display: Audio Mixer Platform Settings:
[2022.05.17-15.02.31:547][  0]LogAudioMixer: Display: 	Sample Rate:						  48000
[2022.05.17-15.02.31:547][  0]LogAudioMixer: Display: 	Callback Buffer Frame Size Requested: 1024
[2022.05.17-15.02.31:548][  0]LogAudioMixer: Display: 	Callback Buffer Frame Size To Use:	  1024
[2022.05.17-15.02.31:548][  0]LogAudioMixer: Display: 	Number of buffers to queue:			  2
[2022.05.17-15.02.31:548][  0]LogAudioMixer: Display: 	Max Channels (voices):				  32
[2022.05.17-15.02.31:548][  0]LogAudioMixer: Display: 	Number of Async Source Workers:		  0
[2022.05.17-15.02.31:548][  0]LogAudio: Display: AudioDevice MaxSources: 32
[2022.05.17-15.02.31:548][  0]LogAudio: Display: Audio Spatialization Plugin: None (built-in).
[2022.05.17-15.02.31:548][  0]LogAudio: Display: Audio Reverb Plugin: None (built-in).
[2022.05.17-15.02.31:548][  0]LogAudio: Display: Audio Occlusion Plugin: None (built-in).
[2022.05.17-15.02.31:548][  0]LogAudioMixer: Display: Initializing audio mixer.
[2022.05.17-15.02.31:560][  0]LogAudioMixer: Display: 0: FrontLeft
[2022.05.17-15.02.31:560][  0]LogAudioMixer: Display: 1: FrontRight
[2022.05.17-15.02.31:601][  0]LogAudioMixer: Display: Using Audio Device Fones de ouvido (A6S Stereo)
[2022.05.17-15.02.31:604][  0]LogAudioMixer: Display: Initializing Sound Submixes...
[2022.05.17-15.02.31:606][  0]LogAudioMixer: Display: Creating Master Submix 'MasterSubmixDefault'
[2022.05.17-15.02.31:606][  0]LogAudioMixer: Display: Creating Master Submix 'MasterReverbSubmixDefault'
[2022.05.17-15.02.31:607][  0]LogAudioMixer: Display: Creating Master Submix 'MasterEQSubmixDefault'
[2022.05.17-15.02.31:607][  0]LogAudioMixer: FMixerPlatformXAudio2::StartAudioStream() called
[2022.05.17-15.02.31:607][  0]LogAudioMixer: Display: Output buffers initialized: Frames=1024, Channels=2, Samples=2048
[2022.05.17-15.02.31:608][  0]LogAudioMixer: Display: Starting AudioMixerPlatformInterface::RunInternal()
[2022.05.17-15.02.31:608][  0]LogAudioMixer: Display: FMixerPlatformXAudio2::SubmitBuffer() called for the first time
[2022.05.17-15.02.31:608][  0]LogInit: FAudioDevice initialized.
[2022.05.17-15.02.31:608][  0]LogAudio: Display: Audio Device (ID: 1) registered with world 'Untitled'.
[2022.05.17-15.02.31:608][  0]LogNetVersion: Set ProjectVersion to 1.0.0.0. Version Checksum will be recalculated on next use.
[2022.05.17-15.02.31:694][  0]LogDerivedDataCache: Saved boot cache 0.09s 94MB C:/Users/muril/AppData/Local/UnrealEngine/4.27/DerivedDataCache/Boot.ddc.
[2022.05.17-15.02.31:695][  0]LogInit: Texture streaming: Enabled
[2022.05.17-15.02.31:706][  0]LogAnalytics: Display: [UEEditor.Rocket.Release] APIServer = https://datarouter.ol.epicgames.com/. AppVersion = 4.27.2-18319896+++UE4+Release-4.27
[2022.05.17-15.02.31:709][  0]LogEngineSessionManager: EngineSessionManager initialized
[2022.05.17-15.02.31:709][  0]LogEditorSessionSummary: Verbose: Initializing EditorSessionSummaryWriter for editor session tracking
[2022.05.17-15.02.31:710][  0]LogEditorSessionSummary: EditorSessionSummaryWriter initialized
[2022.05.17-15.02.31:732][  0]LogInit: Transaction tracking system initialized
[2022.05.17-15.02.31:754][  0]BlueprintLog: New page: Carregar Editor
[2022.05.17-15.02.31:803][  0]LocalizationService: Localization service is disabled
[2022.05.17-15.02.31:822][  0]TimingProfiler: Initialize
[2022.05.17-15.02.31:822][  0]TimingProfiler: OnSessionChanged
[2022.05.17-15.02.31:822][  0]LoadingProfiler: Initialize
[2022.05.17-15.02.31:822][  0]LoadingProfiler: OnSessionChanged
[2022.05.17-15.02.31:822][  0]NetworkingProfiler: Initialize
[2022.05.17-15.02.31:822][  0]NetworkingProfiler: OnSessionChanged
[2022.05.17-15.02.31:822][  0]MemoryProfiler: Initialize
[2022.05.17-15.02.31:822][  0]MemoryProfiler: OnSessionChanged
[2022.05.17-15.02.31:958][  0]LogCook: Display: CookSettings for Memory: MemoryMaxUsedVirtual 0MiB, MemoryMaxUsedPhysical 16384MiB, MemoryMinFreeVirtual 0MiB, MemoryMinFreePhysical 1024MiB
[2022.05.17-15.02.31:958][  0]LogCook: Display: Mobile HDR setting 1
[2022.05.17-15.02.32:166][  0]LogFileCache: Scanning file cache for directory 'D:/Repository/Unreal/GameEngine-N2/CombatProject/Content/' took 0.00s
[2022.05.17-15.02.32:405][  0]LogInit: Display: Engine is initialized. Leaving FEngineLoop::Init()
[2022.05.17-15.02.32:408][  0]SourceControl: Controle de origem desativado
[2022.05.17-15.02.32:408][  0]LogUnrealEdMisc: Loading editor; pre map load, took 7.238
[2022.05.17-15.02.32:408][  0]Cmd: MAP LOAD FILE="../../../../../Repository/Unreal/GameEngine-N2/CombatProject/Content/ThirdPersonBP/Maps/ThirdPersonExampleMap.umap" TEMPLATE=0 SHOWPROGRESS=1 FEATURELEVEL=3
[2022.05.17-15.02.32:408][  0]LightingResults: New page: Compilação de Iluminação
[2022.05.17-15.02.32:409][  0]LogWorld: UWorld::CleanupWorld for Untitled, bSessionEnded=true, bCleanupResources=true
[2022.05.17-15.02.32:409][  0]LogSlate: InvalidateAllWidgets triggered.  All widgets were invalidated
[2022.05.17-15.02.32:409][  0]MapCheck: New page: Verificação de Mapa
[2022.05.17-15.02.32:409][  0]LightingResults: New page: Compilação de Iluminação
[2022.05.17-15.02.32:415][  0]LogAudio: Display: Audio Device unregistered from world 'None'.
[2022.05.17-15.02.32:417][  0]LogUObjectHash: Compacting FUObjectHashTables data took   0.80ms
[2022.05.17-15.02.32:657][  0]LogAudio: Display: Audio Device (ID: 1) registered with world 'ThirdPersonExampleMap'.
[2022.05.17-15.02.32:658][  0]LogAIModule: Creating AISystem for world ThirdPersonExampleMap
[2022.05.17-15.02.32:666][  0]LogEditorServer: Finished looking for orphan Actors (0.000 secs)
[2022.05.17-15.02.32:679][  0]LogUObjectHash: Compacting FUObjectHashTables data took   0.88ms
[2022.05.17-15.02.32:679][  0]Cmd: MAP CHECKDEP NOCLEARLOG
[2022.05.17-15.02.32:679][  0]MapCheck: Map check complete: 0 Error(s), 0 Warning(s), took 0,107ms to complete.
[2022.05.17-15.02.32:680][  0]LogFileHelpers: Loading map 'ThirdPersonExampleMap' took 0.272
[2022.05.17-15.02.32:681][  0]LogUnrealEdMisc: Total Editor Startup Time, took 7.511
[2022.05.17-15.02.32:802][  0]LogSlate: Updating window title bar state: overlay mode, drag disabled, window buttons hidden, title bar hidden
[2022.05.17-15.02.32:807][  0]LogSlate: Updating window title bar state: overlay mode, drag disabled, window buttons hidden, title bar hidden
[2022.05.17-15.02.32:812][  0]LogSlate: Updating window title bar state: overlay mode, drag disabled, window buttons hidden, title bar hidden
[2022.05.17-15.02.32:818][  0]LogSlate: Updating window title bar state: overlay mode, drag disabled, window buttons hidden, title bar hidden
[2022.05.17-15.02.32:860][  0]LogNativeClassHierarchy: Verbose: Native class hierarchy populated in 0.0086 seconds. Added 3822 classes and 928 folders.
[2022.05.17-15.02.32:862][  0]LogNativeClassHierarchy: Verbose: Native class hierarchy updated for 'WidgetCarousel' in 0.0003 seconds. Added 0 classes and 0 folders.
[2022.05.17-15.02.32:864][  0]LogPakFile: PakFile PrimaryIndexSize=187
[2022.05.17-15.02.32:864][  0]LogPakFile: PakFile PathHashIndexSize=101
[2022.05.17-15.02.32:864][  0]LogPakFile: PakFile FullDirectoryIndexSize=148
[2022.05.17-15.02.32:864][  0]LogShaderLibrary: Display: ShaderCodeLibraryPakFileMountedCallback: PakFile 'D:/Arquivos de programa/UE_4.27/FeaturePacks/FP_FirstPerson.upack' (chunk index -1, root 'root:/') mounted
[2022.05.17-15.02.32:864][  0]LogShaderLibrary: Display: ShaderCodeLibraryPakFileMountedCallback: pending pak file info (ChunkID:-1 Root:root:/ File:D:/Arquivos de programa/UE_4.27/FeaturePacks/FP_FirstPerson.upack)
[2022.05.17-15.02.32:864][  0]LogPakFile: OnPakFileMounted2Time == 0.000046
[2022.05.17-15.02.32:864][  0]LogPakFile: PakFile PrimaryIndexSize=189
[2022.05.17-15.02.32:864][  0]LogPakFile: PakFile PathHashIndexSize=101
[2022.05.17-15.02.32:864][  0]LogPakFile: PakFile FullDirectoryIndexSize=152
[2022.05.17-15.02.32:864][  0]LogShaderLibrary: Display: ShaderCodeLibraryPakFileMountedCallback: PakFile 'D:/Arquivos de programa/UE_4.27/FeaturePacks/FP_FirstPersonBP.upack' (chunk index -1, root 'root:/') mounted
[2022.05.17-15.02.32:864][  0]LogShaderLibrary: Display: ShaderCodeLibraryPakFileMountedCallback: pending pak file info (ChunkID:-1 Root:root:/ File:D:/Arquivos de programa/UE_4.27/FeaturePacks/FP_FirstPersonBP.upack)
[2022.05.17-15.02.32:864][  0]LogPakFile: OnPakFileMounted2Time == 0.000033
[2022.05.17-15.02.32:865][  0]LogPakFile: PakFile PrimaryIndexSize=191
[2022.05.17-15.02.32:865][  0]LogPakFile: PakFile PathHashIndexSize=101
[2022.05.17-15.02.32:865][  0]LogPakFile: PakFile FullDirectoryIndexSize=160
[2022.05.17-15.02.32:865][  0]LogShaderLibrary: Display: ShaderCodeLibraryPakFileMountedCallback: PakFile 'D:/Arquivos de programa/UE_4.27/FeaturePacks/MobileStarterContent.upack' (chunk index -1, root 'root:/') mounted
[2022.05.17-15.02.32:865][  0]LogShaderLibrary: Display: ShaderCodeLibraryPakFileMountedCallback: pending pak file info (ChunkID:-1 Root:root:/ File:D:/Arquivos de programa/UE_4.27/FeaturePacks/MobileStarterContent.upack)
[2022.05.17-15.02.32:865][  0]LogPakFile: OnPakFileMounted2Time == 0.000028
[2022.05.17-15.02.32:866][  0]LogPakFile: PakFile PrimaryIndexSize=185
[2022.05.17-15.02.32:866][  0]LogPakFile: PakFile PathHashIndexSize=101
[2022.05.17-15.02.32:866][  0]LogPakFile: PakFile FullDirectoryIndexSize=148
[2022.05.17-15.02.32:866][  0]LogShaderLibrary: Display: ShaderCodeLibraryPakFileMountedCallback: PakFile 'D:/Arquivos de programa/UE_4.27/FeaturePacks/StarterContent.upack' (chunk index -1, root 'root:/') mounted
[2022.05.17-15.02.32:866][  0]LogShaderLibrary: Display: ShaderCodeLibraryPakFileMountedCallback: pending pak file info (ChunkID:-1 Root:root:/ File:D:/Arquivos de programa/UE_4.27/FeaturePacks/StarterContent.upack)
[2022.05.17-15.02.32:866][  0]LogPakFile: OnPakFileMounted2Time == 0.000036
[2022.05.17-15.02.32:866][  0]LogPakFile: PakFile PrimaryIndexSize=190
[2022.05.17-15.02.32:866][  0]LogPakFile: PakFile PathHashIndexSize=101
[2022.05.17-15.02.32:866][  0]LogPakFile: PakFile FullDirectoryIndexSize=154
[2022.05.17-15.02.32:866][  0]LogShaderLibrary: Display: ShaderCodeLibraryPakFileMountedCallback: PakFile 'D:/Arquivos de programa/UE_4.27/FeaturePacks/TP_2DSideScroller.upack' (chunk index -1, root 'root:/') mounted
[2022.05.17-15.02.32:866][  0]LogShaderLibrary: Display: ShaderCodeLibraryPakFileMountedCallback: pending pak file info (ChunkID:-1 Root:root:/ File:D:/Arquivos de programa/UE_4.27/FeaturePacks/TP_2DSideScroller.upack)
[2022.05.17-15.02.32:866][  0]LogPakFile: OnPakFileMounted2Time == 0.000029
[2022.05.17-15.02.32:867][  0]LogPakFile: PakFile PrimaryIndexSize=192
[2022.05.17-15.02.32:867][  0]LogPakFile: PakFile PathHashIndexSize=101
[2022.05.17-15.02.32:867][  0]LogPakFile: PakFile FullDirectoryIndexSize=158
[2022.05.17-15.02.32:867][  0]LogShaderLibrary: Display: ShaderCodeLibraryPakFileMountedCallback: PakFile 'D:/Arquivos de programa/UE_4.27/FeaturePacks/TP_2DSideScrollerBP.upack' (chunk index -1, root 'root:/') mounted
[2022.05.17-15.02.32:867][  0]LogShaderLibrary: Display: ShaderCodeLibraryPakFileMountedCallback: pending pak file info (ChunkID:-1 Root:root:/ File:D:/Arquivos de programa/UE_4.27/FeaturePacks/TP_2DSideScrollerBP.upack)
[2022.05.17-15.02.32:867][  0]LogPakFile: OnPakFileMounted2Time == 0.000031
[2022.05.17-15.02.32:868][  0]LogPakFile: PakFile PrimaryIndexSize=182
[2022.05.17-15.02.32:868][  0]LogPakFile: PakFile PathHashIndexSize=101
[2022.05.17-15.02.32:868][  0]LogPakFile: PakFile FullDirectoryIndexSize=138
[2022.05.17-15.02.32:868][  0]LogShaderLibrary: Display: ShaderCodeLibraryPakFileMountedCallback: PakFile 'D:/Arquivos de programa/UE_4.27/FeaturePacks/TP_Flying.upack' (chunk index -1, root 'root:/') mounted
[2022.05.17-15.02.32:868][  0]LogShaderLibrary: Display: ShaderCodeLibraryPakFileMountedCallback: pending pak file info (ChunkID:-1 Root:root:/ File:D:/Arquivos de programa/UE_4.27/FeaturePacks/TP_Flying.upack)
[2022.05.17-15.02.32:868][  0]LogPakFile: OnPakFileMounted2Time == 0.000029
[2022.05.17-15.02.32:868][  0]LogPakFile: PakFile PrimaryIndexSize=184
[2022.05.17-15.02.32:868][  0]LogPakFile: PakFile PathHashIndexSize=101
[2022.05.17-15.02.32:868][  0]LogPakFile: PakFile FullDirectoryIndexSize=142
[2022.05.17-15.02.32:868][  0]LogShaderLibrary: Display: ShaderCodeLibraryPakFileMountedCallback: PakFile 'D:/Arquivos de programa/UE_4.27/FeaturePacks/TP_FlyingBP.upack' (chunk index -1, root 'root:/') mounted
[2022.05.17-15.02.32:868][  0]LogShaderLibrary: Display: ShaderCodeLibraryPakFileMountedCallback: pending pak file info (ChunkID:-1 Root:root:/ File:D:/Arquivos de programa/UE_4.27/FeaturePacks/TP_FlyingBP.upack)
[2022.05.17-15.02.32:868][  0]LogPakFile: OnPakFileMounted2Time == 0.000028
[2022.05.17-15.02.32:869][  0]LogPakFile: PakFile PrimaryIndexSize=188
[2022.05.17-15.02.32:869][  0]LogPakFile: PakFile PathHashIndexSize=101
[2022.05.17-15.02.32:869][  0]LogPakFile: PakFile FullDirectoryIndexSize=150
[2022.05.17-15.02.32:869][  0]LogShaderLibrary: Display: ShaderCodeLibraryPakFileMountedCallback: PakFile 'D:/Arquivos de programa/UE_4.27/FeaturePacks/TP_HandheldARBP.upack' (chunk index -1, root 'root:/') mounted
[2022.05.17-15.02.32:869][  0]LogShaderLibrary: Display: ShaderCodeLibraryPakFileMountedCallback: pending pak file info (ChunkID:-1 Root:root:/ File:D:/Arquivos de programa/UE_4.27/FeaturePacks/TP_HandheldARBP.upack)
[2022.05.17-15.02.32:869][  0]LogPakFile: OnPakFileMounted2Time == 0.000031
[2022.05.17-15.02.32:870][  0]LogPakFile: PakFile PrimaryIndexSize=182
[2022.05.17-15.02.32:870][  0]LogPakFile: PakFile PathHashIndexSize=101
[2022.05.17-15.02.32:870][  0]LogPakFile: PakFile FullDirectoryIndexSize=138
[2022.05.17-15.02.32:870][  0]LogShaderLibrary: Display: ShaderCodeLibraryPakFileMountedCallback: PakFile 'D:/Arquivos de programa/UE_4.27/FeaturePacks/TP_Puzzle.upack' (chunk index -1, root 'root:/') mounted
[2022.05.17-15.02.32:870][  0]LogShaderLibrary: Display: ShaderCodeLibraryPakFileMountedCallback: pending pak file info (ChunkID:-1 Root:root:/ File:D:/Arquivos de programa/UE_4.27/FeaturePacks/TP_Puzzle.upack)
[2022.05.17-15.02.32:870][  0]LogPakFile: OnPakFileMounted2Time == 0.000028
[2022.05.17-15.02.32:871][  0]LogPakFile: PakFile PrimaryIndexSize=184
[2022.05.17-15.02.32:871][  0]LogPakFile: PakFile PathHashIndexSize=101
[2022.05.17-15.02.32:871][  0]LogPakFile: PakFile FullDirectoryIndexSize=142
[2022.05.17-15.02.32:871][  0]LogShaderLibrary: Display: ShaderCodeLibraryPakFileMountedCallback: PakFile 'D:/Arquivos de programa/UE_4.27/FeaturePacks/TP_PuzzleBP.upack' (chunk index -1, root 'root:/') mounted
[2022.05.17-15.02.32:871][  0]LogShaderLibrary: Display: ShaderCodeLibraryPakFileMountedCallback: pending pak file info (ChunkID:-1 Root:root:/ File:D:/Arquivos de programa/UE_4.27/FeaturePacks/TP_PuzzleBP.upack)
[2022.05.17-15.02.32:871][  0]LogPakFile: OnPakFileMounted2Time == 0.000029
[2022.05.17-15.02.32:871][  0]LogPakFile: PakFile PrimaryIndexSize=183
[2022.05.17-15.02.32:871][  0]LogPakFile: PakFile PathHashIndexSize=101
[2022.05.17-15.02.32:871][  0]LogPakFile: PakFile FullDirectoryIndexSize=140
[2022.05.17-15.02.32:871][  0]LogShaderLibrary: Display: ShaderCodeLibraryPakFileMountedCallback: PakFile 'D:/Arquivos de programa/UE_4.27/FeaturePacks/TP_Rolling.upack' (chunk index -1, root 'root:/') mounted
[2022.05.17-15.02.32:871][  0]LogShaderLibrary: Display: ShaderCodeLibraryPakFileMountedCallback: pending pak file info (ChunkID:-1 Root:root:/ File:D:/Arquivos de programa/UE_4.27/FeaturePacks/TP_Rolling.upack)
[2022.05.17-15.02.32:871][  0]LogPakFile: OnPakFileMounted2Time == 0.000029
[2022.05.17-15.02.32:872][  0]LogPakFile: PakFile PrimaryIndexSize=185
[2022.05.17-15.02.32:872][  0]LogPakFile: PakFile PathHashIndexSize=101
[2022.05.17-15.02.32:872][  0]LogPakFile: PakFile FullDirectoryIndexSize=144
[2022.05.17-15.02.32:872][  0]LogShaderLibrary: Display: ShaderCodeLibraryPakFileMountedCallback: PakFile 'D:/Arquivos de programa/UE_4.27/FeaturePacks/TP_RollingBP.upack' (chunk index -1, root 'root:/') mounted
[2022.05.17-15.02.32:872][  0]LogShaderLibrary: Display: ShaderCodeLibraryPakFileMountedCallback: pending pak file info (ChunkID:-1 Root:root:/ File:D:/Arquivos de programa/UE_4.27/FeaturePacks/TP_RollingBP.upack)
[2022.05.17-15.02.32:872][  0]LogPakFile: OnPakFileMounted2Time == 0.000032
[2022.05.17-15.02.32:873][  0]LogPakFile: PakFile PrimaryIndexSize=188
[2022.05.17-15.02.32:873][  0]LogPakFile: PakFile PathHashIndexSize=101
[2022.05.17-15.02.32:873][  0]LogPakFile: PakFile FullDirectoryIndexSize=150
[2022.05.17-15.02.32:873][  0]LogShaderLibrary: Display: ShaderCodeLibraryPakFileMountedCallback: PakFile 'D:/Arquivos de programa/UE_4.27/FeaturePacks/TP_SideScroller.upack' (chunk index -1, root 'root:/') mounted
[2022.05.17-15.02.32:873][  0]LogShaderLibrary: Display: ShaderCodeLibraryPakFileMountedCallback: pending pak file info (ChunkID:-1 Root:root:/ File:D:/Arquivos de programa/UE_4.27/FeaturePacks/TP_SideScroller.upack)
[2022.05.17-15.02.32:873][  0]LogPakFile: OnPakFileMounted2Time == 0.000035
[2022.05.17-15.02.32:874][  0]LogPakFile: PakFile PrimaryIndexSize=190
[2022.05.17-15.02.32:874][  0]LogPakFile: PakFile PathHashIndexSize=101
[2022.05.17-15.02.32:874][  0]LogPakFile: PakFile FullDirectoryIndexSize=154
[2022.05.17-15.02.32:874][  0]LogShaderLibrary: Display: ShaderCodeLibraryPakFileMountedCallback: PakFile 'D:/Arquivos de programa/UE_4.27/FeaturePacks/TP_SideScrollerBP.upack' (chunk index -1, root 'root:/') mounted
[2022.05.17-15.02.32:874][  0]LogShaderLibrary: Display: ShaderCodeLibraryPakFileMountedCallback: pending pak file info (ChunkID:-1 Root:root:/ File:D:/Arquivos de programa/UE_4.27/FeaturePacks/TP_SideScrollerBP.upack)
[2022.05.17-15.02.32:874][  0]LogPakFile: OnPakFileMounted2Time == 0.000032
[2022.05.17-15.02.32:874][  0]LogPakFile: PakFile PrimaryIndexSize=187
[2022.05.17-15.02.32:874][  0]LogPakFile: PakFile PathHashIndexSize=101
[2022.05.17-15.02.32:874][  0]LogPakFile: PakFile FullDirectoryIndexSize=148
[2022.05.17-15.02.32:874][  0]LogShaderLibrary: Display: ShaderCodeLibraryPakFileMountedCallback: PakFile 'D:/Arquivos de programa/UE_4.27/FeaturePacks/TP_ThirdPerson.upack' (chunk index -1, root 'root:/') mounted
[2022.05.17-15.02.32:874][  0]LogShaderLibrary: Display: ShaderCodeLibraryPakFileMountedCallback: pending pak file info (ChunkID:-1 Root:root:/ File:D:/Arquivos de programa/UE_4.27/FeaturePacks/TP_ThirdPerson.upack)
[2022.05.17-15.02.32:874][  0]LogPakFile: OnPakFileMounted2Time == 0.000028
[2022.05.17-15.02.32:875][  0]LogPakFile: PakFile PrimaryIndexSize=189
[2022.05.17-15.02.32:875][  0]LogPakFile: PakFile PathHashIndexSize=101
[2022.05.17-15.02.32:875][  0]LogPakFile: PakFile FullDirectoryIndexSize=152
[2022.05.17-15.02.32:875][  0]LogShaderLibrary: Display: ShaderCodeLibraryPakFileMountedCallback: PakFile 'D:/Arquivos de programa/UE_4.27/FeaturePacks/TP_ThirdPersonBP.upack' (chunk index -1, root 'root:/') mounted
[2022.05.17-15.02.32:875][  0]LogShaderLibrary: Display: ShaderCodeLibraryPakFileMountedCallback: pending pak file info (ChunkID:-1 Root:root:/ File:D:/Arquivos de programa/UE_4.27/FeaturePacks/TP_ThirdPersonBP.upack)
[2022.05.17-15.02.32:875][  0]LogPakFile: OnPakFileMounted2Time == 0.000032
[2022.05.17-15.02.32:876][  0]LogPakFile: PakFile PrimaryIndexSize=183
[2022.05.17-15.02.32:876][  0]LogPakFile: PakFile PathHashIndexSize=101
[2022.05.17-15.02.32:876][  0]LogPakFile: PakFile FullDirectoryIndexSize=140
[2022.05.17-15.02.32:876][  0]LogShaderLibrary: Display: ShaderCodeLibraryPakFileMountedCallback: PakFile 'D:/Arquivos de programa/UE_4.27/FeaturePacks/TP_TopDown.upack' (chunk index -1, root 'root:/') mounted
[2022.05.17-15.02.32:876][  0]LogShaderLibrary: Display: ShaderCodeLibraryPakFileMountedCallback: pending pak file info (ChunkID:-1 Root:root:/ File:D:/Arquivos de programa/UE_4.27/FeaturePacks/TP_TopDown.upack)
[2022.05.17-15.02.32:876][  0]LogPakFile: OnPakFileMounted2Time == 0.000034
[2022.05.17-15.02.32:876][  0]LogPakFile: PakFile PrimaryIndexSize=185
[2022.05.17-15.02.32:876][  0]LogPakFile: PakFile PathHashIndexSize=101
[2022.05.17-15.02.32:876][  0]LogPakFile: PakFile FullDirectoryIndexSize=144
[2022.05.17-15.02.32:876][  0]LogShaderLibrary: Display: ShaderCodeLibraryPakFileMountedCallback: PakFile 'D:/Arquivos de programa/UE_4.27/FeaturePacks/TP_TopDownBP.upack' (chunk index -1, root 'root:/') mounted
[2022.05.17-15.02.32:876][  0]LogShaderLibrary: Display: ShaderCodeLibraryPakFileMountedCallback: pending pak file info (ChunkID:-1 Root:root:/ File:D:/Arquivos de programa/UE_4.27/FeaturePacks/TP_TopDownBP.upack)
[2022.05.17-15.02.32:876][  0]LogPakFile: OnPakFileMounted2Time == 0.000028
[2022.05.17-15.02.32:877][  0]LogPakFile: PakFile PrimaryIndexSize=185
[2022.05.17-15.02.32:877][  0]LogPakFile: PakFile PathHashIndexSize=101
[2022.05.17-15.02.32:877][  0]LogPakFile: PakFile FullDirectoryIndexSize=144
[2022.05.17-15.02.32:877][  0]LogShaderLibrary: Display: ShaderCodeLibraryPakFileMountedCallback: PakFile 'D:/Arquivos de programa/UE_4.27/FeaturePacks/TP_TwinStick.upack' (chunk index -1, root 'root:/') mounted
[2022.05.17-15.02.32:877][  0]LogShaderLibrary: Display: ShaderCodeLibraryPakFileMountedCallback: pending pak file info (ChunkID:-1 Root:root:/ File:D:/Arquivos de programa/UE_4.27/FeaturePacks/TP_TwinStick.upack)
[2022.05.17-15.02.32:877][  0]LogPakFile: OnPakFileMounted2Time == 0.000028
[2022.05.17-15.02.32:878][  0]LogPakFile: PakFile PrimaryIndexSize=187
[2022.05.17-15.02.32:878][  0]LogPakFile: PakFile PathHashIndexSize=101
[2022.05.17-15.02.32:878][  0]LogPakFile: PakFile FullDirectoryIndexSize=148
[2022.05.17-15.02.32:878][  0]LogShaderLibrary: Display: ShaderCodeLibraryPakFileMountedCallback: PakFile 'D:/Arquivos de programa/UE_4.27/FeaturePacks/TP_TwinStickBP.upack' (chunk index -1, root 'root:/') mounted
[2022.05.17-15.02.32:878][  0]LogShaderLibrary: Display: ShaderCodeLibraryPakFileMountedCallback: pending pak file info (ChunkID:-1 Root:root:/ File:D:/Arquivos de programa/UE_4.27/FeaturePacks/TP_TwinStickBP.upack)
[2022.05.17-15.02.32:878][  0]LogPakFile: OnPakFileMounted2Time == 0.000028
[2022.05.17-15.02.32:878][  0]LogPakFile: PakFile PrimaryIndexSize=183
[2022.05.17-15.02.32:878][  0]LogPakFile: PakFile PathHashIndexSize=101
[2022.05.17-15.02.32:878][  0]LogPakFile: PakFile FullDirectoryIndexSize=140
[2022.05.17-15.02.32:878][  0]LogShaderLibrary: Display: ShaderCodeLibraryPakFileMountedCallback: PakFile 'D:/Arquivos de programa/UE_4.27/FeaturePacks/TP_Vehicle.upack' (chunk index -1, root 'root:/') mounted
[2022.05.17-15.02.32:878][  0]LogShaderLibrary: Display: ShaderCodeLibraryPakFileMountedCallback: pending pak file info (ChunkID:-1 Root:root:/ File:D:/Arquivos de programa/UE_4.27/FeaturePacks/TP_Vehicle.upack)
[2022.05.17-15.02.32:878][  0]LogPakFile: OnPakFileMounted2Time == 0.000030
[2022.05.17-15.02.32:879][  0]LogPakFile: PakFile PrimaryIndexSize=186
[2022.05.17-15.02.32:879][  0]LogPakFile: PakFile PathHashIndexSize=101
[2022.05.17-15.02.32:879][  0]LogPakFile: PakFile FullDirectoryIndexSize=146
[2022.05.17-15.02.32:879][  0]LogShaderLibrary: Display: ShaderCodeLibraryPakFileMountedCallback: PakFile 'D:/Arquivos de programa/UE_4.27/FeaturePacks/TP_VehicleAdv.upack' (chunk index -1, root 'root:/') mounted
[2022.05.17-15.02.32:879][  0]LogShaderLibrary: Display: ShaderCodeLibraryPakFileMountedCallback: pending pak file info (ChunkID:-1 Root:root:/ File:D:/Arquivos de programa/UE_4.27/FeaturePacks/TP_VehicleAdv.upack)
[2022.05.17-15.02.32:879][  0]LogPakFile: OnPakFileMounted2Time == 0.000028
[2022.05.17-15.02.32:880][  0]LogPakFile: PakFile PrimaryIndexSize=188
[2022.05.17-15.02.32:880][  0]LogPakFile: PakFile PathHashIndexSize=101
[2022.05.17-15.02.32:880][  0]LogPakFile: PakFile FullDirectoryIndexSize=150
[2022.05.17-15.02.32:880][  0]LogShaderLibrary: Display: ShaderCodeLibraryPakFileMountedCallback: PakFile 'D:/Arquivos de programa/UE_4.27/FeaturePacks/TP_VehicleAdvBP.upack' (chunk index -1, root 'root:/') mounted
[2022.05.17-15.02.32:880][  0]LogShaderLibrary: Display: ShaderCodeLibraryPakFileMountedCallback: pending pak file info (ChunkID:-1 Root:root:/ File:D:/Arquivos de programa/UE_4.27/FeaturePacks/TP_VehicleAdvBP.upack)
[2022.05.17-15.02.32:880][  0]LogPakFile: OnPakFileMounted2Time == 0.000032
[2022.05.17-15.02.32:880][  0]LogPakFile: PakFile PrimaryIndexSize=185
[2022.05.17-15.02.32:880][  0]LogPakFile: PakFile PathHashIndexSize=101
[2022.05.17-15.02.32:880][  0]LogPakFile: PakFile FullDirectoryIndexSize=144
[2022.05.17-15.02.32:880][  0]LogShaderLibrary: Display: ShaderCodeLibraryPakFileMountedCallback: PakFile 'D:/Arquivos de programa/UE_4.27/FeaturePacks/TP_VehicleBP.upack' (chunk index -1, root 'root:/') mounted
[2022.05.17-15.02.32:880][  0]LogShaderLibrary: Display: ShaderCodeLibraryPakFileMountedCallback: pending pak file info (ChunkID:-1 Root:root:/ File:D:/Arquivos de programa/UE_4.27/FeaturePacks/TP_VehicleBP.upack)
[2022.05.17-15.02.32:880][  0]LogPakFile: OnPakFileMounted2Time == 0.000028
[2022.05.17-15.02.32:881][  0]LogPakFile: PakFile PrimaryIndexSize=192
[2022.05.17-15.02.32:881][  0]LogPakFile: PakFile PathHashIndexSize=101
[2022.05.17-15.02.32:881][  0]LogPakFile: PakFile FullDirectoryIndexSize=158
[2022.05.17-15.02.32:881][  0]LogShaderLibrary: Display: ShaderCodeLibraryPakFileMountedCallback: PakFile 'D:/Arquivos de programa/UE_4.27/FeaturePacks/TP_VirtualRealityBP.upack' (chunk index -1, root 'root:/') mounted
[2022.05.17-15.02.32:881][  0]LogShaderLibrary: Display: ShaderCodeLibraryPakFileMountedCallback: pending pak file info (ChunkID:-1 Root:root:/ File:D:/Arquivos de programa/UE_4.27/FeaturePacks/TP_VirtualRealityBP.upack)
[2022.05.17-15.02.32:881][  0]LogPakFile: OnPakFileMounted2Time == 0.000034
[2022.05.17-15.02.32:929][  0]LogNativeClassHierarchy: Verbose: Native class hierarchy updated for 'AddContentDialog' in 0.0003 seconds. Added 0 classes and 0 folders.
[2022.05.17-15.02.32:976][  0]LogSlate: Took 0.000365 seconds to synchronously load lazily loaded font '../../../Engine/Content/Slate/Fonts/Roboto-Regular.ttf' (155K)
[2022.05.17-15.02.32:978][  0]LogSlate: Took 0.000429 seconds to synchronously load lazily loaded font '../../../Engine/Content/Editor/Slate/Fonts/FontAwesome.ttf' (139K)
[2022.05.17-15.02.32:981][  0]LogSlate: Took 0.000161 seconds to synchronously load lazily loaded font '../../../Engine/Content/Slate/Fonts/Roboto-Bold.ttf' (160K)
[2022.05.17-15.02.33:057][  0]LogRenderer: Reallocating scene render targets to support 936x572 Format 10 NumSamples 1 (Frame:1).
[2022.05.17-15.02.33:192][  0]LogNativeClassHierarchy: Verbose: Native class hierarchy updated for 'HierarchicalLODOutliner' in 0.0003 seconds. Added 0 classes and 0 folders.
[2022.05.17-15.02.33:192][  0]LogInput: Warning: Action Jump uses invalid key OculusGo_Left_Trigger_Click.
[2022.05.17-15.02.33:192][  0]LogInput: Warning: Action ResetVR uses invalid key OculusGo_Left_Trackpad_Click.
[2022.05.17-15.02.33:192][  0]LogInput: Warning: Use -RemoveInvalidKeys to remove instances of these keys from the action mapping.
[2022.05.17-15.02.33:192][  0]LogLoad: (Engine Initialization) Total time: 8.02 seconds
[2022.05.17-15.02.33:192][  0]LogLoad: (Engine Initialization) Total Blueprint compile time: 0.00 seconds
[2022.05.17-15.02.33:242][  0]LogAssetRegistry: Asset discovery search completed in 4.3628 seconds
[2022.05.17-15.02.33:248][  0]LogCollectionManager: Fixed up redirectors for 0 collections in 0.000003 seconds (updated 0 objects)
[2022.05.17-15.02.33:249][  0]LogContentStreaming: Texture pool size now 1000 MB
[2022.05.17-15.02.33:896][  2]LogSlate: Took 0.000206 seconds to synchronously load lazily loaded font '../../../Engine/Content/Slate/Fonts/Roboto-Light.ttf' (167K)
